{"/Users/shoaibmulla/Downloads/magnox_energy_solutions/magnox_energy_web/src/App.jsx": {"path":"/Users/shoaibmulla/Downloads/magnox_energy_solutions/magnox_energy_web/src/App.jsx","all":false,"statementMap":{"0":{"start":{"line":1,"column":0},"end":{"line":1,"column":44}},"1":{"start":{"line":2,"column":0},"end":{"line":2,"column":19}},"2":{"start":{"line":3,"column":0},"end":{"line":3,"column":45}},"3":{"start":{"line":4,"column":0},"end":{"line":4,"column":45}},"4":{"start":{"line":5,"column":0},"end":{"line":5,"column":49}},"5":{"start":{"line":6,"column":0},"end":{"line":6,"column":43}},"6":{"start":{"line":7,"column":0},"end":{"line":7,"column":49}},"7":{"start":{"line":8,"column":0},"end":{"line":8,"column":47}},"8":{"start":{"line":9,"column":0},"end":{"line":9,"column":57}},"9":{"start":{"line":10,"column":0},"end":{"line":10,"column":41}},"10":{"start":{"line":11,"column":0},"end":{"line":11,"column":47}},"11":{"start":{"line":12,"column":0},"end":{"line":12,"column":40}},"13":{"start":{"line":14,"column":0},"end":{"line":14,"column":16}},"14":{"start":{"line":15,"column":0},"end":{"line":15,"column":61}},"15":{"start":{"line":16,"column":0},"end":{"line":16,"column":19}},"16":{"start":{"line":17,"column":0},"end":{"line":17,"column":33}},"17":{"start":{"line":18,"column":0},"end":{"line":18,"column":9}},"19":{"start":{"line":20,"column":0},"end":{"line":20,"column":10}},"20":{"start":{"line":21,"column":0},"end":{"line":21,"column":6}},"21":{"start":{"line":22,"column":0},"end":{"line":22,"column":16}},"22":{"start":{"line":23,"column":0},"end":{"line":23,"column":46}},"23":{"start":{"line":24,"column":0},"end":{"line":24,"column":50}},"24":{"start":{"line":25,"column":0},"end":{"line":25,"column":44}},"25":{"start":{"line":26,"column":0},"end":{"line":26,"column":50}},"26":{"start":{"line":27,"column":0},"end":{"line":27,"column":48}},"27":{"start":{"line":28,"column":0},"end":{"line":28,"column":58}},"28":{"start":{"line":29,"column":0},"end":{"line":29,"column":42}},"29":{"start":{"line":30,"column":0},"end":{"line":30,"column":48}},"30":{"start":{"line":31,"column":0},"end":{"line":31,"column":7}},"32":{"start":{"line":33,"column":0},"end":{"line":33,"column":1}},"34":{"start":{"line":35,"column":0},"end":{"line":35,"column":19}}},"s":{"0":1,"1":1,"2":1,"3":1,"4":1,"5":1,"6":1,"7":1,"8":1,"9":1,"10":1,"11":1,"13":12,"14":12,"15":12,"16":6,"17":12,"19":12,"20":12,"21":12,"22":12,"23":12,"24":12,"25":12,"26":12,"27":12,"28":12,"29":12,"30":12,"32":12,"34":1},"branchMap":{"0":{"type":"branch","line":14,"loc":{"start":{"line":14,"column":0},"end":{"line":33,"column":1}},"locations":[{"start":{"line":14,"column":0},"end":{"line":33,"column":1}}]},"1":{"type":"branch","line":16,"loc":{"start":{"line":16,"column":12},"end":{"line":18,"column":5}},"locations":[{"start":{"line":16,"column":12},"end":{"line":18,"column":5}}]}},"b":{"0":[12],"1":[6]},"fnMap":{"0":{"name":"App","decl":{"start":{"line":14,"column":0},"end":{"line":33,"column":1}},"loc":{"start":{"line":14,"column":0},"end":{"line":33,"column":1}},"line":14}},"f":{"0":12}}
,"/Users/shoaibmulla/Downloads/magnox_energy_solutions/magnox_energy_web/src/main.jsx": {"path":"/Users/shoaibmulla/Downloads/magnox_energy_solutions/magnox_energy_web/src/main.jsx","all":true,"statementMap":{"0":{"start":{"line":1,"column":0},"end":{"line":1,"column":35}},"1":{"start":{"line":2,"column":0},"end":{"line":2,"column":46}},"2":{"start":{"line":3,"column":0},"end":{"line":3,"column":21}},"3":{"start":{"line":4,"column":0},"end":{"line":4,"column":28}},"6":{"start":{"line":7,"column":0},"end":{"line":7,"column":35}},"7":{"start":{"line":8,"column":0},"end":{"line":8,"column":41}},"8":{"start":{"line":9,"column":0},"end":{"line":9,"column":27}},"9":{"start":{"line":10,"column":0},"end":{"line":10,"column":25}},"10":{"start":{"line":11,"column":0},"end":{"line":11,"column":31}},"11":{"start":{"line":12,"column":0},"end":{"line":12,"column":53}},"12":{"start":{"line":13,"column":0},"end":{"line":13,"column":8}},"13":{"start":{"line":14,"column":0},"end":{"line":14,"column":37}},"14":{"start":{"line":15,"column":0},"end":{"line":15,"column":67}},"15":{"start":{"line":16,"column":0},"end":{"line":16,"column":9}},"16":{"start":{"line":17,"column":0},"end":{"line":17,"column":5}},"17":{"start":{"line":18,"column":0},"end":{"line":18,"column":1}},"19":{"start":{"line":20,"column":0},"end":{"line":20,"column":51}},"20":{"start":{"line":21,"column":0},"end":{"line":21,"column":14}},"21":{"start":{"line":22,"column":0},"end":{"line":22,"column":11}},"22":{"start":{"line":23,"column":0},"end":{"line":23,"column":15}},"23":{"start":{"line":24,"column":0},"end":{"line":24,"column":2}}},"s":{"0":0,"1":0,"2":0,"3":0,"6":0,"7":0,"8":0,"9":0,"10":0,"11":0,"12":0,"13":0,"14":0,"15":0,"16":0,"17":0,"19":0,"20":0,"21":0,"22":0,"23":0},"branchMap":{"0":{"type":"branch","line":1,"loc":{"start":{"line":1,"column":614},"end":{"line":24,"column":-285}},"locations":[{"start":{"line":1,"column":614},"end":{"line":24,"column":-285}}]}},"b":{"0":[0]},"fnMap":{"0":{"name":"(empty-report)","decl":{"start":{"line":1,"column":614},"end":{"line":24,"column":-285}},"loc":{"start":{"line":1,"column":614},"end":{"line":24,"column":-285}},"line":1}},"f":{"0":0}}
,"/Users/shoaibmulla/Downloads/magnox_energy_solutions/magnox_energy_web/src/components/About.jsx": {"path":"/Users/shoaibmulla/Downloads/magnox_energy_solutions/magnox_energy_web/src/components/About.jsx","all":false,"statementMap":{"0":{"start":{"line":1,"column":0},"end":{"line":1,"column":26}},"1":{"start":{"line":2,"column":0},"end":{"line":2,"column":39}},"2":{"start":{"line":3,"column":0},"end":{"line":3,"column":56}},"3":{"start":{"line":4,"column":0},"end":{"line":4,"column":55}},"4":{"start":{"line":5,"column":0},"end":{"line":5,"column":45}},"6":{"start":{"line":7,"column":0},"end":{"line":7,"column":33}},"7":{"start":{"line":8,"column":0},"end":{"line":8,"column":35}},"8":{"start":{"line":9,"column":0},"end":{"line":9,"column":22}},"9":{"start":{"line":10,"column":0},"end":{"line":10,"column":19}},"10":{"start":{"line":11,"column":0},"end":{"line":11,"column":5}},"12":{"start":{"line":13,"column":0},"end":{"line":13,"column":29}},"13":{"start":{"line":14,"column":0},"end":{"line":14,"column":27}},"14":{"start":{"line":15,"column":0},"end":{"line":15,"column":14}},"15":{"start":{"line":16,"column":0},"end":{"line":16,"column":17}},"16":{"start":{"line":17,"column":0},"end":{"line":17,"column":19}},"17":{"start":{"line":18,"column":0},"end":{"line":18,"column":29}},"18":{"start":{"line":19,"column":0},"end":{"line":19,"column":27}},"19":{"start":{"line":20,"column":0},"end":{"line":20,"column":8}},"20":{"start":{"line":21,"column":0},"end":{"line":21,"column":6}},"21":{"start":{"line":22,"column":0},"end":{"line":22,"column":4}},"23":{"start":{"line":24,"column":0},"end":{"line":24,"column":24}},"24":{"start":{"line":25,"column":0},"end":{"line":25,"column":35}},"25":{"start":{"line":26,"column":0},"end":{"line":26,"column":14}},"26":{"start":{"line":27,"column":0},"end":{"line":27,"column":17}},"27":{"start":{"line":28,"column":0},"end":{"line":28,"column":11}},"28":{"start":{"line":29,"column":0},"end":{"line":29,"column":53}},"29":{"start":{"line":30,"column":0},"end":{"line":30,"column":6}},"30":{"start":{"line":31,"column":0},"end":{"line":31,"column":4}},"32":{"start":{"line":33,"column":0},"end":{"line":33,"column":25}},"33":{"start":{"line":34,"column":0},"end":{"line":34,"column":34}},"34":{"start":{"line":35,"column":0},"end":{"line":35,"column":14}},"35":{"start":{"line":36,"column":0},"end":{"line":36,"column":17}},"36":{"start":{"line":37,"column":0},"end":{"line":37,"column":11}},"37":{"start":{"line":38,"column":0},"end":{"line":38,"column":53}},"38":{"start":{"line":39,"column":0},"end":{"line":39,"column":6}},"39":{"start":{"line":40,"column":0},"end":{"line":40,"column":4}},"41":{"start":{"line":42,"column":0},"end":{"line":42,"column":24}},"42":{"start":{"line":43,"column":0},"end":{"line":43,"column":27}},"43":{"start":{"line":44,"column":0},"end":{"line":44,"column":14}},"44":{"start":{"line":45,"column":0},"end":{"line":45,"column":17}},"45":{"start":{"line":46,"column":0},"end":{"line":46,"column":19}},"46":{"start":{"line":47,"column":0},"end":{"line":47,"column":29}},"47":{"start":{"line":48,"column":0},"end":{"line":48,"column":27}},"48":{"start":{"line":49,"column":0},"end":{"line":49,"column":8}},"49":{"start":{"line":50,"column":0},"end":{"line":50,"column":6}},"50":{"start":{"line":51,"column":0},"end":{"line":51,"column":4}},"52":{"start":{"line":53,"column":0},"end":{"line":53,"column":24}},"53":{"start":{"line":54,"column":0},"end":{"line":54,"column":35}},"54":{"start":{"line":55,"column":0},"end":{"line":55,"column":14}},"55":{"start":{"line":56,"column":0},"end":{"line":56,"column":17}},"56":{"start":{"line":57,"column":0},"end":{"line":57,"column":11}},"57":{"start":{"line":58,"column":0},"end":{"line":58,"column":53}},"58":{"start":{"line":59,"column":0},"end":{"line":59,"column":6}},"59":{"start":{"line":60,"column":0},"end":{"line":60,"column":4}},"61":{"start":{"line":62,"column":0},"end":{"line":62,"column":10}},"62":{"start":{"line":63,"column":0},"end":{"line":63,"column":12}},"63":{"start":{"line":64,"column":0},"end":{"line":64,"column":16}},"64":{"start":{"line":65,"column":0},"end":{"line":65,"column":58}},"65":{"start":{"line":66,"column":0},"end":{"line":66,"column":15}},"68":{"start":{"line":69,"column":0},"end":{"line":69,"column":40}},"69":{"start":{"line":70,"column":0},"end":{"line":70,"column":12}},"70":{"start":{"line":71,"column":0},"end":{"line":71,"column":23}},"71":{"start":{"line":72,"column":0},"end":{"line":72,"column":26}},"72":{"start":{"line":73,"column":0},"end":{"line":73,"column":48}},"73":{"start":{"line":74,"column":0},"end":{"line":74,"column":10}},"75":{"start":{"line":76,"column":0},"end":{"line":76,"column":60}},"77":{"start":{"line":78,"column":0},"end":{"line":78,"column":105}},"78":{"start":{"line":79,"column":0},"end":{"line":79,"column":12}},"81":{"start":{"line":82,"column":0},"end":{"line":82,"column":143}},"82":{"start":{"line":83,"column":0},"end":{"line":83,"column":144}},"84":{"start":{"line":85,"column":0},"end":{"line":85,"column":54}},"85":{"start":{"line":86,"column":0},"end":{"line":86,"column":19}},"86":{"start":{"line":87,"column":0},"end":{"line":87,"column":73}},"87":{"start":{"line":88,"column":0},"end":{"line":88,"column":38}},"88":{"start":{"line":89,"column":0},"end":{"line":89,"column":26}},"89":{"start":{"line":90,"column":0},"end":{"line":90,"column":49}},"92":{"start":{"line":93,"column":0},"end":{"line":93,"column":67}},"93":{"start":{"line":94,"column":0},"end":{"line":94,"column":38}},"95":{"start":{"line":96,"column":0},"end":{"line":96,"column":25}},"96":{"start":{"line":97,"column":0},"end":{"line":97,"column":75}},"97":{"start":{"line":98,"column":0},"end":{"line":98,"column":44}},"98":{"start":{"line":99,"column":0},"end":{"line":99,"column":46}},"100":{"start":{"line":101,"column":0},"end":{"line":101,"column":20}},"101":{"start":{"line":102,"column":0},"end":{"line":102,"column":31}},"102":{"start":{"line":103,"column":0},"end":{"line":103,"column":56}},"103":{"start":{"line":104,"column":0},"end":{"line":104,"column":53}},"104":{"start":{"line":105,"column":0},"end":{"line":105,"column":18}},"106":{"start":{"line":107,"column":0},"end":{"line":107,"column":109}},"107":{"start":{"line":108,"column":0},"end":{"line":108,"column":27}},"110":{"start":{"line":111,"column":0},"end":{"line":111,"column":25}},"111":{"start":{"line":112,"column":0},"end":{"line":112,"column":113}},"112":{"start":{"line":113,"column":0},"end":{"line":113,"column":44}},"113":{"start":{"line":114,"column":0},"end":{"line":114,"column":29}},"114":{"start":{"line":115,"column":0},"end":{"line":115,"column":30}},"115":{"start":{"line":116,"column":0},"end":{"line":116,"column":35}},"116":{"start":{"line":117,"column":0},"end":{"line":117,"column":36}},"117":{"start":{"line":118,"column":0},"end":{"line":118,"column":18}},"118":{"start":{"line":119,"column":0},"end":{"line":119,"column":44}},"120":{"start":{"line":121,"column":0},"end":{"line":121,"column":45}},"121":{"start":{"line":122,"column":0},"end":{"line":122,"column":76}},"123":{"start":{"line":124,"column":0},"end":{"line":124,"column":24}},"124":{"start":{"line":125,"column":0},"end":{"line":125,"column":79}},"125":{"start":{"line":126,"column":0},"end":{"line":126,"column":22}},"126":{"start":{"line":127,"column":0},"end":{"line":127,"column":27}},"129":{"start":{"line":130,"column":0},"end":{"line":130,"column":147}},"130":{"start":{"line":131,"column":0},"end":{"line":131,"column":18}},"131":{"start":{"line":132,"column":0},"end":{"line":132,"column":23}},"134":{"start":{"line":135,"column":0},"end":{"line":135,"column":69}},"135":{"start":{"line":136,"column":0},"end":{"line":136,"column":17}},"136":{"start":{"line":137,"column":0},"end":{"line":137,"column":24}},"137":{"start":{"line":138,"column":0},"end":{"line":138,"column":75}},"138":{"start":{"line":139,"column":0},"end":{"line":139,"column":44}},"140":{"start":{"line":141,"column":0},"end":{"line":141,"column":63}},"141":{"start":{"line":142,"column":0},"end":{"line":142,"column":26}},"143":{"start":{"line":144,"column":0},"end":{"line":144,"column":23}},"144":{"start":{"line":145,"column":0},"end":{"line":145,"column":70}},"145":{"start":{"line":146,"column":0},"end":{"line":146,"column":47}},"146":{"start":{"line":147,"column":0},"end":{"line":147,"column":60}},"147":{"start":{"line":148,"column":0},"end":{"line":148,"column":58}},"149":{"start":{"line":150,"column":0},"end":{"line":150,"column":76}},"150":{"start":{"line":151,"column":0},"end":{"line":151,"column":25}},"151":{"start":{"line":152,"column":0},"end":{"line":152,"column":18}},"153":{"start":{"line":154,"column":0},"end":{"line":154,"column":23}},"154":{"start":{"line":155,"column":0},"end":{"line":155,"column":45}},"155":{"start":{"line":156,"column":0},"end":{"line":156,"column":58}},"156":{"start":{"line":157,"column":0},"end":{"line":157,"column":56}},"158":{"start":{"line":159,"column":0},"end":{"line":159,"column":86}},"160":{"start":{"line":161,"column":0},"end":{"line":161,"column":72}},"161":{"start":{"line":162,"column":0},"end":{"line":162,"column":19}},"163":{"start":{"line":164,"column":0},"end":{"line":164,"column":69}},"165":{"start":{"line":166,"column":0},"end":{"line":166,"column":27}},"166":{"start":{"line":167,"column":0},"end":{"line":167,"column":41}},"167":{"start":{"line":168,"column":0},"end":{"line":168,"column":34}},"168":{"start":{"line":169,"column":0},"end":{"line":169,"column":57}},"170":{"start":{"line":171,"column":0},"end":{"line":171,"column":38}},"171":{"start":{"line":172,"column":0},"end":{"line":172,"column":57}},"172":{"start":{"line":173,"column":0},"end":{"line":173,"column":33}},"173":{"start":{"line":174,"column":0},"end":{"line":174,"column":44}},"174":{"start":{"line":175,"column":0},"end":{"line":175,"column":47}},"175":{"start":{"line":176,"column":0},"end":{"line":176,"column":73}},"176":{"start":{"line":177,"column":0},"end":{"line":177,"column":45}},"177":{"start":{"line":178,"column":0},"end":{"line":178,"column":71}},"179":{"start":{"line":180,"column":0},"end":{"line":180,"column":142}},"180":{"start":{"line":181,"column":0},"end":{"line":181,"column":129}},"181":{"start":{"line":182,"column":0},"end":{"line":182,"column":32}},"182":{"start":{"line":183,"column":0},"end":{"line":183,"column":31}},"183":{"start":{"line":184,"column":0},"end":{"line":184,"column":35}},"184":{"start":{"line":185,"column":0},"end":{"line":185,"column":22}},"186":{"start":{"line":187,"column":0},"end":{"line":187,"column":65}},"188":{"start":{"line":189,"column":0},"end":{"line":189,"column":26}},"190":{"start":{"line":191,"column":0},"end":{"line":191,"column":29}},"193":{"start":{"line":194,"column":0},"end":{"line":194,"column":27}},"194":{"start":{"line":195,"column":0},"end":{"line":195,"column":41}},"195":{"start":{"line":196,"column":0},"end":{"line":196,"column":34}},"196":{"start":{"line":197,"column":0},"end":{"line":197,"column":57}},"198":{"start":{"line":199,"column":0},"end":{"line":199,"column":39}},"199":{"start":{"line":200,"column":0},"end":{"line":200,"column":58}},"200":{"start":{"line":201,"column":0},"end":{"line":201,"column":33}},"201":{"start":{"line":202,"column":0},"end":{"line":202,"column":45}},"202":{"start":{"line":203,"column":0},"end":{"line":203,"column":47}},"203":{"start":{"line":204,"column":0},"end":{"line":204,"column":73}},"204":{"start":{"line":205,"column":0},"end":{"line":205,"column":45}},"205":{"start":{"line":206,"column":0},"end":{"line":206,"column":71}},"207":{"start":{"line":208,"column":0},"end":{"line":208,"column":142}},"208":{"start":{"line":209,"column":0},"end":{"line":209,"column":129}},"209":{"start":{"line":210,"column":0},"end":{"line":210,"column":32}},"210":{"start":{"line":211,"column":0},"end":{"line":211,"column":31}},"211":{"start":{"line":212,"column":0},"end":{"line":212,"column":35}},"212":{"start":{"line":213,"column":0},"end":{"line":213,"column":22}},"214":{"start":{"line":215,"column":0},"end":{"line":215,"column":65}},"216":{"start":{"line":217,"column":0},"end":{"line":217,"column":26}},"218":{"start":{"line":219,"column":0},"end":{"line":219,"column":29}},"219":{"start":{"line":220,"column":0},"end":{"line":220,"column":20}},"220":{"start":{"line":221,"column":0},"end":{"line":221,"column":25}},"223":{"start":{"line":224,"column":0},"end":{"line":224,"column":23}},"224":{"start":{"line":225,"column":0},"end":{"line":225,"column":30}},"225":{"start":{"line":226,"column":0},"end":{"line":226,"column":45}},"226":{"start":{"line":227,"column":0},"end":{"line":227,"column":58}},"227":{"start":{"line":228,"column":0},"end":{"line":228,"column":56}},"229":{"start":{"line":230,"column":0},"end":{"line":230,"column":23}},"230":{"start":{"line":231,"column":0},"end":{"line":231,"column":32}},"231":{"start":{"line":232,"column":0},"end":{"line":232,"column":45}},"232":{"start":{"line":233,"column":0},"end":{"line":233,"column":44}},"233":{"start":{"line":234,"column":0},"end":{"line":234,"column":42}},"234":{"start":{"line":235,"column":0},"end":{"line":235,"column":15}},"236":{"start":{"line":237,"column":0},"end":{"line":237,"column":105}},"237":{"start":{"line":238,"column":0},"end":{"line":238,"column":52}},"238":{"start":{"line":239,"column":0},"end":{"line":239,"column":29}},"239":{"start":{"line":240,"column":0},"end":{"line":240,"column":25}},"240":{"start":{"line":241,"column":0},"end":{"line":241,"column":25}},"241":{"start":{"line":242,"column":0},"end":{"line":242,"column":23}},"242":{"start":{"line":243,"column":0},"end":{"line":243,"column":21}},"243":{"start":{"line":244,"column":0},"end":{"line":244,"column":12}},"244":{"start":{"line":245,"column":0},"end":{"line":245,"column":14}},"246":{"start":{"line":247,"column":0},"end":{"line":247,"column":2}}},"s":{"0":1,"1":1,"2":1,"3":1,"4":1,"6":1,"7":11,"8":11,"9":11,"10":11,"12":11,"13":11,"14":11,"15":11,"16":11,"17":11,"18":11,"19":11,"20":11,"21":11,"23":11,"24":11,"25":11,"26":11,"27":11,"28":11,"29":11,"30":11,"32":11,"33":11,"34":11,"35":11,"36":11,"37":11,"38":11,"39":11,"41":11,"42":11,"43":11,"44":11,"45":11,"46":11,"47":11,"48":11,"49":11,"50":11,"52":11,"53":11,"54":11,"55":11,"56":11,"57":11,"58":11,"59":11,"61":11,"62":11,"63":11,"64":11,"65":11,"68":11,"69":11,"70":11,"71":11,"72":11,"73":11,"75":11,"77":11,"78":11,"81":11,"82":11,"84":11,"85":11,"86":11,"87":11,"88":11,"89":11,"92":11,"93":11,"95":11,"96":11,"97":11,"98":11,"100":11,"101":11,"102":11,"103":11,"104":11,"106":11,"107":11,"110":11,"111":11,"112":11,"113":11,"114":11,"115":11,"116":11,"117":11,"118":11,"120":11,"121":11,"123":11,"124":11,"125":11,"126":11,"129":11,"130":11,"131":11,"134":11,"135":11,"136":11,"137":11,"138":11,"140":11,"141":11,"143":11,"144":11,"145":11,"146":11,"147":11,"149":11,"150":11,"151":11,"153":11,"154":11,"155":11,"156":11,"158":11,"160":11,"161":11,"163":11,"165":11,"166":11,"167":11,"168":11,"170":11,"171":10,"172":40,"173":40,"174":40,"175":40,"176":40,"177":40,"179":40,"180":40,"181":40,"182":40,"183":40,"184":10,"186":1,"188":1,"190":11,"193":11,"194":11,"195":11,"196":11,"198":11,"199":10,"200":40,"201":40,"202":40,"203":40,"204":40,"205":40,"207":40,"208":40,"209":40,"210":40,"211":40,"212":10,"214":1,"216":1,"218":11,"219":11,"220":11,"223":11,"224":11,"225":11,"226":11,"227":11,"229":11,"230":11,"231":11,"232":11,"233":11,"234":11,"236":11,"237":11,"238":11,"239":11,"240":11,"241":11,"242":11,"243":11,"244":11,"246":11},"branchMap":{"0":{"type":"branch","line":7,"loc":{"start":{"line":7,"column":21},"end":{"line":247,"column":2}},"locations":[{"start":{"line":7,"column":21},"end":{"line":247,"column":2}}]},"1":{"type":"branch","line":90,"loc":{"start":{"line":90,"column":28},"end":{"line":90,"column":49}},"locations":[{"start":{"line":90,"column":28},"end":{"line":90,"column":49}}]},"2":{"type":"branch","line":147,"loc":{"start":{"line":147,"column":53},"end":{"line":147,"column":60}},"locations":[{"start":{"line":147,"column":53},"end":{"line":147,"column":60}}]},"3":{"type":"branch","line":150,"loc":{"start":{"line":150,"column":23},"end":{"line":150,"column":53}},"locations":[{"start":{"line":150,"column":23},"end":{"line":150,"column":53}}]},"4":{"type":"branch","line":150,"loc":{"start":{"line":150,"column":41},"end":{"line":150,"column":76}},"locations":[{"start":{"line":150,"column":41},"end":{"line":150,"column":76}}]},"5":{"type":"branch","line":156,"loc":{"start":{"line":156,"column":51},"end":{"line":156,"column":58}},"locations":[{"start":{"line":156,"column":51},"end":{"line":156,"column":58}}]},"6":{"type":"branch","line":169,"loc":{"start":{"line":169,"column":36},"end":{"line":169,"column":57}},"locations":[{"start":{"line":169,"column":36},"end":{"line":169,"column":57}}]},"7":{"type":"branch","line":171,"loc":{"start":{"line":171,"column":25},"end":{"line":171,"column":38}},"locations":[{"start":{"line":171,"column":25},"end":{"line":171,"column":38}}]},"8":{"type":"branch","line":171,"loc":{"start":{"line":171,"column":31},"end":{"line":185,"column":22}},"locations":[{"start":{"line":171,"column":31},"end":{"line":185,"column":22}}]},"9":{"type":"branch","line":185,"loc":{"start":{"line":185,"column":21},"end":{"line":189,"column":26}},"locations":[{"start":{"line":185,"column":21},"end":{"line":189,"column":26}}]},"10":{"type":"branch","line":197,"loc":{"start":{"line":197,"column":36},"end":{"line":197,"column":57}},"locations":[{"start":{"line":197,"column":36},"end":{"line":197,"column":57}}]},"11":{"type":"branch","line":199,"loc":{"start":{"line":199,"column":25},"end":{"line":199,"column":39}},"locations":[{"start":{"line":199,"column":25},"end":{"line":199,"column":39}}]},"12":{"type":"branch","line":199,"loc":{"start":{"line":199,"column":31},"end":{"line":213,"column":22}},"locations":[{"start":{"line":199,"column":31},"end":{"line":213,"column":22}}]},"13":{"type":"branch","line":213,"loc":{"start":{"line":213,"column":21},"end":{"line":217,"column":26}},"locations":[{"start":{"line":213,"column":21},"end":{"line":217,"column":26}}]},"14":{"type":"branch","line":227,"loc":{"start":{"line":227,"column":51},"end":{"line":227,"column":58}},"locations":[{"start":{"line":227,"column":51},"end":{"line":227,"column":58}}]},"15":{"type":"branch","line":172,"loc":{"start":{"line":172,"column":39},"end":{"line":184,"column":35}},"locations":[{"start":{"line":172,"column":39},"end":{"line":184,"column":35}}]},"16":{"type":"branch","line":200,"loc":{"start":{"line":200,"column":40},"end":{"line":212,"column":35}},"locations":[{"start":{"line":200,"column":40},"end":{"line":212,"column":35}}]}},"b":{"0":[11],"1":[0],"2":[0],"3":[10],"4":[1],"5":[0],"6":[0],"7":[10],"8":[10],"9":[1],"10":[0],"11":[10],"12":[10],"13":[1],"14":[0],"15":[40],"16":[40]},"fnMap":{"0":{"name":"About","decl":{"start":{"line":7,"column":21},"end":{"line":247,"column":2}},"loc":{"start":{"line":7,"column":21},"end":{"line":247,"column":2}},"line":7}},"f":{"0":11}}
,"/Users/shoaibmulla/Downloads/magnox_energy_solutions/magnox_energy_web/src/components/Contact.jsx": {"path":"/Users/shoaibmulla/Downloads/magnox_energy_solutions/magnox_energy_web/src/components/Contact.jsx","all":false,"statementMap":{"0":{"start":{"line":1,"column":0},"end":{"line":1,"column":33}},"1":{"start":{"line":2,"column":0},"end":{"line":2,"column":26}},"2":{"start":{"line":3,"column":0},"end":{"line":3,"column":39}},"3":{"start":{"line":4,"column":0},"end":{"line":4,"column":56}},"4":{"start":{"line":5,"column":0},"end":{"line":5,"column":8}},"14":{"start":{"line":15,"column":0},"end":{"line":15,"column":39}},"15":{"start":{"line":16,"column":0},"end":{"line":16,"column":52}},"16":{"start":{"line":17,"column":0},"end":{"line":17,"column":24}},"18":{"start":{"line":19,"column":0},"end":{"line":19,"column":34}},"19":{"start":{"line":20,"column":0},"end":{"line":20,"column":6}},"20":{"start":{"line":21,"column":0},"end":{"line":21,"column":25}},"21":{"start":{"line":22,"column":0},"end":{"line":22,"column":23}},"22":{"start":{"line":23,"column":0},"end":{"line":23,"column":23}},"23":{"start":{"line":24,"column":0},"end":{"line":24,"column":38}},"25":{"start":{"line":26,"column":0},"end":{"line":26,"column":172}},"26":{"start":{"line":27,"column":0},"end":{"line":27,"column":8}},"29":{"start":{"line":30,"column":0},"end":{"line":30,"column":22}},"30":{"start":{"line":31,"column":0},"end":{"line":31,"column":11}},"31":{"start":{"line":32,"column":0},"end":{"line":32,"column":12}},"32":{"start":{"line":33,"column":0},"end":{"line":33,"column":14}},"33":{"start":{"line":34,"column":0},"end":{"line":34,"column":2}},"35":{"start":{"line":36,"column":0},"end":{"line":36,"column":35}},"36":{"start":{"line":37,"column":0},"end":{"line":37,"column":70}},"37":{"start":{"line":38,"column":0},"end":{"line":38,"column":58}},"38":{"start":{"line":39,"column":0},"end":{"line":39,"column":87}},"40":{"start":{"line":41,"column":0},"end":{"line":41,"column":35}},"41":{"start":{"line":42,"column":0},"end":{"line":42,"column":22}},"42":{"start":{"line":43,"column":0},"end":{"line":43,"column":19}},"43":{"start":{"line":44,"column":0},"end":{"line":44,"column":5}},"45":{"start":{"line":46,"column":0},"end":{"line":46,"column":31}},"46":{"start":{"line":47,"column":0},"end":{"line":47,"column":37}},"47":{"start":{"line":48,"column":0},"end":{"line":48,"column":63}},"48":{"start":{"line":49,"column":0},"end":{"line":49,"column":4}},"50":{"start":{"line":51,"column":0},"end":{"line":51,"column":57}},"52":{"start":{"line":53,"column":0},"end":{"line":53,"column":37}},"53":{"start":{"line":54,"column":0},"end":{"line":54,"column":23}},"54":{"start":{"line":55,"column":0},"end":{"line":55,"column":26}},"55":{"start":{"line":56,"column":0},"end":{"line":56,"column":26}},"57":{"start":{"line":58,"column":0},"end":{"line":58,"column":9}},"58":{"start":{"line":59,"column":0},"end":{"line":59,"column":50}},"59":{"start":{"line":60,"column":0},"end":{"line":60,"column":50}},"61":{"start":{"line":62,"column":0},"end":{"line":62,"column":30}},"62":{"start":{"line":63,"column":0},"end":{"line":63,"column":19}},"63":{"start":{"line":64,"column":0},"end":{"line":64,"column":21}},"64":{"start":{"line":65,"column":0},"end":{"line":65,"column":25}},"66":{"start":{"line":67,"column":0},"end":{"line":67,"column":32}},"67":{"start":{"line":68,"column":0},"end":{"line":68,"column":24}},"68":{"start":{"line":69,"column":0},"end":{"line":69,"column":8}},"70":{"start":{"line":71,"column":0},"end":{"line":71,"column":54}},"73":{"start":{"line":74,"column":0},"end":{"line":74,"column":40}},"74":{"start":{"line":75,"column":0},"end":{"line":75,"column":30}},"75":{"start":{"line":76,"column":0},"end":{"line":76,"column":31}},"76":{"start":{"line":77,"column":0},"end":{"line":77,"column":23}},"77":{"start":{"line":78,"column":0},"end":{"line":78,"column":59}},"78":{"start":{"line":79,"column":0},"end":{"line":79,"column":8}},"80":{"start":{"line":81,"column":0},"end":{"line":81,"column":54}},"81":{"start":{"line":82,"column":0},"end":{"line":82,"column":33}},"82":{"start":{"line":83,"column":0},"end":{"line":83,"column":19}},"84":{"start":{"line":85,"column":0},"end":{"line":85,"column":52}},"85":{"start":{"line":86,"column":0},"end":{"line":86,"column":21}},"86":{"start":{"line":87,"column":0},"end":{"line":87,"column":49}},"89":{"start":{"line":90,"column":0},"end":{"line":90,"column":10}},"90":{"start":{"line":91,"column":0},"end":{"line":91,"column":21}},"91":{"start":{"line":92,"column":0},"end":{"line":92,"column":65}},"92":{"start":{"line":93,"column":0},"end":{"line":93,"column":9}},"93":{"start":{"line":94,"column":0},"end":{"line":94,"column":22}},"94":{"start":{"line":95,"column":0},"end":{"line":95,"column":82}},"95":{"start":{"line":96,"column":0},"end":{"line":96,"column":10}},"96":{"start":{"line":97,"column":0},"end":{"line":97,"column":14}},"97":{"start":{"line":98,"column":0},"end":{"line":98,"column":117}},"98":{"start":{"line":99,"column":0},"end":{"line":99,"column":10}},"99":{"start":{"line":100,"column":0},"end":{"line":100,"column":40}},"100":{"start":{"line":101,"column":0},"end":{"line":101,"column":76}},"101":{"start":{"line":102,"column":0},"end":{"line":102,"column":7}},"103":{"start":{"line":104,"column":0},"end":{"line":104,"column":31}},"104":{"start":{"line":105,"column":0},"end":{"line":105,"column":52}},"105":{"start":{"line":106,"column":0},"end":{"line":106,"column":15}},"106":{"start":{"line":107,"column":0},"end":{"line":107,"column":29}},"107":{"start":{"line":108,"column":0},"end":{"line":108,"column":5}},"108":{"start":{"line":109,"column":0},"end":{"line":109,"column":4}},"110":{"start":{"line":111,"column":0},"end":{"line":111,"column":29}},"111":{"start":{"line":112,"column":0},"end":{"line":112,"column":27}},"112":{"start":{"line":113,"column":0},"end":{"line":113,"column":14}},"113":{"start":{"line":114,"column":0},"end":{"line":114,"column":17}},"114":{"start":{"line":115,"column":0},"end":{"line":115,"column":19}},"115":{"start":{"line":116,"column":0},"end":{"line":116,"column":29}},"116":{"start":{"line":117,"column":0},"end":{"line":117,"column":27}},"117":{"start":{"line":118,"column":0},"end":{"line":118,"column":8}},"118":{"start":{"line":119,"column":0},"end":{"line":119,"column":6}},"119":{"start":{"line":120,"column":0},"end":{"line":120,"column":4}},"121":{"start":{"line":122,"column":0},"end":{"line":122,"column":24}},"122":{"start":{"line":123,"column":0},"end":{"line":123,"column":34}},"123":{"start":{"line":124,"column":0},"end":{"line":124,"column":14}},"124":{"start":{"line":125,"column":0},"end":{"line":125,"column":17}},"125":{"start":{"line":126,"column":0},"end":{"line":126,"column":11}},"126":{"start":{"line":127,"column":0},"end":{"line":127,"column":19}},"127":{"start":{"line":128,"column":0},"end":{"line":128,"column":22}},"128":{"start":{"line":129,"column":0},"end":{"line":129,"column":24}},"129":{"start":{"line":130,"column":0},"end":{"line":130,"column":8}},"130":{"start":{"line":131,"column":0},"end":{"line":131,"column":6}},"131":{"start":{"line":132,"column":0},"end":{"line":132,"column":4}},"133":{"start":{"line":134,"column":0},"end":{"line":134,"column":10}},"134":{"start":{"line":135,"column":0},"end":{"line":135,"column":9}},"135":{"start":{"line":136,"column":0},"end":{"line":136,"column":14}},"136":{"start":{"line":137,"column":0},"end":{"line":137,"column":20}},"137":{"start":{"line":138,"column":0},"end":{"line":138,"column":130}},"138":{"start":{"line":139,"column":0},"end":{"line":139,"column":17}},"141":{"start":{"line":142,"column":0},"end":{"line":142,"column":42}},"143":{"start":{"line":144,"column":0},"end":{"line":144,"column":41}},"144":{"start":{"line":145,"column":0},"end":{"line":145,"column":23}},"145":{"start":{"line":146,"column":0},"end":{"line":146,"column":21}},"146":{"start":{"line":147,"column":0},"end":{"line":147,"column":59}},"147":{"start":{"line":148,"column":0},"end":{"line":148,"column":22}},"148":{"start":{"line":149,"column":0},"end":{"line":149,"column":47}},"149":{"start":{"line":150,"column":0},"end":{"line":150,"column":48}},"150":{"start":{"line":151,"column":0},"end":{"line":151,"column":48}},"151":{"start":{"line":152,"column":0},"end":{"line":152,"column":47}},"152":{"start":{"line":153,"column":0},"end":{"line":153,"column":16}},"153":{"start":{"line":154,"column":0},"end":{"line":154,"column":24}},"154":{"start":{"line":155,"column":0},"end":{"line":155,"column":31}},"155":{"start":{"line":156,"column":0},"end":{"line":156,"column":41}},"156":{"start":{"line":157,"column":0},"end":{"line":157,"column":16}},"157":{"start":{"line":158,"column":0},"end":{"line":158,"column":27}},"158":{"start":{"line":159,"column":0},"end":{"line":159,"column":48}},"159":{"start":{"line":160,"column":0},"end":{"line":160,"column":33}},"160":{"start":{"line":161,"column":0},"end":{"line":161,"column":41}},"161":{"start":{"line":162,"column":0},"end":{"line":162,"column":16}},"162":{"start":{"line":163,"column":0},"end":{"line":163,"column":14}},"163":{"start":{"line":164,"column":0},"end":{"line":164,"column":13}},"164":{"start":{"line":165,"column":0},"end":{"line":165,"column":14}},"166":{"start":{"line":167,"column":0},"end":{"line":167,"column":51}},"168":{"start":{"line":169,"column":0},"end":{"line":169,"column":21}},"169":{"start":{"line":170,"column":0},"end":{"line":170,"column":41}},"170":{"start":{"line":171,"column":0},"end":{"line":171,"column":43}},"171":{"start":{"line":172,"column":0},"end":{"line":172,"column":56}},"172":{"start":{"line":173,"column":0},"end":{"line":173,"column":42}},"174":{"start":{"line":175,"column":0},"end":{"line":175,"column":22}},"175":{"start":{"line":176,"column":0},"end":{"line":176,"column":73}},"176":{"start":{"line":177,"column":0},"end":{"line":177,"column":42}},"177":{"start":{"line":178,"column":0},"end":{"line":178,"column":13}},"178":{"start":{"line":179,"column":0},"end":{"line":179,"column":22}},"179":{"start":{"line":180,"column":0},"end":{"line":180,"column":107}},"181":{"start":{"line":182,"column":0},"end":{"line":182,"column":21}},"182":{"start":{"line":183,"column":0},"end":{"line":183,"column":24}},"183":{"start":{"line":184,"column":0},"end":{"line":184,"column":115}},"184":{"start":{"line":185,"column":0},"end":{"line":185,"column":83}},"187":{"start":{"line":188,"column":0},"end":{"line":188,"column":16}},"188":{"start":{"line":189,"column":0},"end":{"line":189,"column":23}},"191":{"start":{"line":192,"column":0},"end":{"line":192,"column":28}},"192":{"start":{"line":193,"column":0},"end":{"line":193,"column":23}},"193":{"start":{"line":194,"column":0},"end":{"line":194,"column":46}},"194":{"start":{"line":195,"column":0},"end":{"line":195,"column":44}},"195":{"start":{"line":196,"column":0},"end":{"line":196,"column":43}},"196":{"start":{"line":197,"column":0},"end":{"line":197,"column":94}},"197":{"start":{"line":198,"column":0},"end":{"line":198,"column":42}},"198":{"start":{"line":199,"column":0},"end":{"line":199,"column":79}},"199":{"start":{"line":200,"column":0},"end":{"line":200,"column":73}},"200":{"start":{"line":201,"column":0},"end":{"line":201,"column":17}},"202":{"start":{"line":203,"column":0},"end":{"line":203,"column":45}},"203":{"start":{"line":204,"column":0},"end":{"line":204,"column":66}},"205":{"start":{"line":206,"column":0},"end":{"line":206,"column":64}},"207":{"start":{"line":208,"column":0},"end":{"line":208,"column":44}},"208":{"start":{"line":209,"column":0},"end":{"line":209,"column":43}},"209":{"start":{"line":210,"column":0},"end":{"line":210,"column":76}},"210":{"start":{"line":211,"column":0},"end":{"line":211,"column":87}},"211":{"start":{"line":212,"column":0},"end":{"line":212,"column":21}},"212":{"start":{"line":213,"column":0},"end":{"line":213,"column":25}},"216":{"start":{"line":217,"column":0},"end":{"line":217,"column":21}},"217":{"start":{"line":218,"column":0},"end":{"line":218,"column":68}},"218":{"start":{"line":219,"column":0},"end":{"line":219,"column":40}},"219":{"start":{"line":220,"column":0},"end":{"line":220,"column":28}},"220":{"start":{"line":221,"column":0},"end":{"line":221,"column":51}},"223":{"start":{"line":224,"column":0},"end":{"line":224,"column":48}},"224":{"start":{"line":225,"column":0},"end":{"line":225,"column":76}},"225":{"start":{"line":226,"column":0},"end":{"line":226,"column":68}},"227":{"start":{"line":228,"column":0},"end":{"line":228,"column":21}},"229":{"start":{"line":230,"column":0},"end":{"line":230,"column":68}},"230":{"start":{"line":231,"column":0},"end":{"line":231,"column":73}},"231":{"start":{"line":232,"column":0},"end":{"line":232,"column":31}},"232":{"start":{"line":233,"column":0},"end":{"line":233,"column":50}},"233":{"start":{"line":234,"column":0},"end":{"line":234,"column":42}},"235":{"start":{"line":236,"column":0},"end":{"line":236,"column":28}},"236":{"start":{"line":237,"column":0},"end":{"line":237,"column":35}},"237":{"start":{"line":238,"column":0},"end":{"line":238,"column":33}},"238":{"start":{"line":239,"column":0},"end":{"line":239,"column":35}},"239":{"start":{"line":240,"column":0},"end":{"line":240,"column":218}},"240":{"start":{"line":241,"column":0},"end":{"line":241,"column":47}},"241":{"start":{"line":242,"column":0},"end":{"line":242,"column":32}},"242":{"start":{"line":243,"column":0},"end":{"line":243,"column":47}},"243":{"start":{"line":244,"column":0},"end":{"line":244,"column":36}},"244":{"start":{"line":245,"column":0},"end":{"line":245,"column":47}},"245":{"start":{"line":246,"column":0},"end":{"line":246,"column":24}},"246":{"start":{"line":247,"column":0},"end":{"line":247,"column":33}},"247":{"start":{"line":248,"column":0},"end":{"line":248,"column":31}},"248":{"start":{"line":249,"column":0},"end":{"line":249,"column":50}},"249":{"start":{"line":250,"column":0},"end":{"line":250,"column":42}},"251":{"start":{"line":252,"column":0},"end":{"line":252,"column":28}},"252":{"start":{"line":253,"column":0},"end":{"line":253,"column":36}},"253":{"start":{"line":254,"column":0},"end":{"line":254,"column":34}},"254":{"start":{"line":255,"column":0},"end":{"line":255,"column":36}},"255":{"start":{"line":256,"column":0},"end":{"line":256,"column":218}},"256":{"start":{"line":257,"column":0},"end":{"line":257,"column":48}},"257":{"start":{"line":258,"column":0},"end":{"line":258,"column":32}},"258":{"start":{"line":259,"column":0},"end":{"line":259,"column":47}},"259":{"start":{"line":260,"column":0},"end":{"line":260,"column":37}},"260":{"start":{"line":261,"column":0},"end":{"line":261,"column":47}},"261":{"start":{"line":262,"column":0},"end":{"line":262,"column":24}},"262":{"start":{"line":263,"column":0},"end":{"line":263,"column":33}},"263":{"start":{"line":264,"column":0},"end":{"line":264,"column":24}},"265":{"start":{"line":266,"column":0},"end":{"line":266,"column":80}},"266":{"start":{"line":267,"column":0},"end":{"line":267,"column":29}},"267":{"start":{"line":268,"column":0},"end":{"line":268,"column":36}},"268":{"start":{"line":269,"column":0},"end":{"line":269,"column":34}},"269":{"start":{"line":270,"column":0},"end":{"line":270,"column":228}},"270":{"start":{"line":271,"column":0},"end":{"line":271,"column":30}},"271":{"start":{"line":272,"column":0},"end":{"line":272,"column":56}},"272":{"start":{"line":273,"column":0},"end":{"line":273,"column":30}},"273":{"start":{"line":274,"column":0},"end":{"line":274,"column":45}},"274":{"start":{"line":275,"column":0},"end":{"line":275,"column":37}},"275":{"start":{"line":276,"column":0},"end":{"line":276,"column":45}},"276":{"start":{"line":277,"column":0},"end":{"line":277,"column":22}},"277":{"start":{"line":278,"column":0},"end":{"line":278,"column":31}},"279":{"start":{"line":280,"column":0},"end":{"line":280,"column":32}},"280":{"start":{"line":281,"column":0},"end":{"line":281,"column":33}},"281":{"start":{"line":282,"column":0},"end":{"line":282,"column":43}},"282":{"start":{"line":283,"column":0},"end":{"line":283,"column":289}},"283":{"start":{"line":284,"column":0},"end":{"line":284,"column":67}},"284":{"start":{"line":285,"column":0},"end":{"line":285,"column":65}},"286":{"start":{"line":287,"column":0},"end":{"line":287,"column":37}},"287":{"start":{"line":288,"column":0},"end":{"line":288,"column":24}},"288":{"start":{"line":289,"column":0},"end":{"line":289,"column":35}},"289":{"start":{"line":290,"column":0},"end":{"line":290,"column":101}},"290":{"start":{"line":291,"column":0},"end":{"line":291,"column":51}},"291":{"start":{"line":292,"column":0},"end":{"line":292,"column":39}},"292":{"start":{"line":293,"column":0},"end":{"line":293,"column":40}},"293":{"start":{"line":294,"column":0},"end":{"line":294,"column":45}},"294":{"start":{"line":295,"column":0},"end":{"line":295,"column":43}},"295":{"start":{"line":296,"column":0},"end":{"line":296,"column":28}},"296":{"start":{"line":297,"column":0},"end":{"line":297,"column":26}},"297":{"start":{"line":298,"column":0},"end":{"line":298,"column":47}},"298":{"start":{"line":299,"column":0},"end":{"line":299,"column":25}},"300":{"start":{"line":301,"column":0},"end":{"line":301,"column":24}},"301":{"start":{"line":302,"column":0},"end":{"line":302,"column":52}},"302":{"start":{"line":303,"column":0},"end":{"line":303,"column":49}},"303":{"start":{"line":304,"column":0},"end":{"line":304,"column":25}},"305":{"start":{"line":306,"column":0},"end":{"line":306,"column":34}},"306":{"start":{"line":307,"column":0},"end":{"line":307,"column":23}},"307":{"start":{"line":308,"column":0},"end":{"line":308,"column":20}},"308":{"start":{"line":309,"column":0},"end":{"line":309,"column":25}},"311":{"start":{"line":312,"column":0},"end":{"line":312,"column":70}},"312":{"start":{"line":313,"column":0},"end":{"line":313,"column":76}},"313":{"start":{"line":314,"column":0},"end":{"line":314,"column":79}},"315":{"start":{"line":316,"column":0},"end":{"line":316,"column":21}},"317":{"start":{"line":318,"column":0},"end":{"line":318,"column":43}},"318":{"start":{"line":319,"column":0},"end":{"line":319,"column":20}},"319":{"start":{"line":320,"column":0},"end":{"line":320,"column":21}},"320":{"start":{"line":321,"column":0},"end":{"line":321,"column":35}},"321":{"start":{"line":322,"column":0},"end":{"line":322,"column":39}},"322":{"start":{"line":323,"column":0},"end":{"line":323,"column":73}},"323":{"start":{"line":324,"column":0},"end":{"line":324,"column":45}},"324":{"start":{"line":325,"column":0},"end":{"line":325,"column":22}},"325":{"start":{"line":326,"column":0},"end":{"line":326,"column":21}},"326":{"start":{"line":327,"column":0},"end":{"line":327,"column":34}},"327":{"start":{"line":328,"column":0},"end":{"line":328,"column":37}},"328":{"start":{"line":329,"column":0},"end":{"line":329,"column":69}},"329":{"start":{"line":330,"column":0},"end":{"line":330,"column":47}},"330":{"start":{"line":331,"column":0},"end":{"line":331,"column":22}},"331":{"start":{"line":332,"column":0},"end":{"line":332,"column":21}},"332":{"start":{"line":333,"column":0},"end":{"line":333,"column":33}},"333":{"start":{"line":334,"column":0},"end":{"line":334,"column":37}},"334":{"start":{"line":335,"column":0},"end":{"line":335,"column":69}},"335":{"start":{"line":336,"column":0},"end":{"line":336,"column":45}},"336":{"start":{"line":337,"column":0},"end":{"line":337,"column":22}},"337":{"start":{"line":338,"column":0},"end":{"line":338,"column":42}},"338":{"start":{"line":339,"column":0},"end":{"line":339,"column":31}},"339":{"start":{"line":340,"column":0},"end":{"line":340,"column":33}},"340":{"start":{"line":341,"column":0},"end":{"line":341,"column":135}},"341":{"start":{"line":342,"column":0},"end":{"line":342,"column":44}},"342":{"start":{"line":343,"column":0},"end":{"line":343,"column":69}},"344":{"start":{"line":345,"column":0},"end":{"line":345,"column":60}},"345":{"start":{"line":346,"column":0},"end":{"line":346,"column":57}},"346":{"start":{"line":347,"column":0},"end":{"line":347,"column":28}},"347":{"start":{"line":348,"column":0},"end":{"line":348,"column":27}},"348":{"start":{"line":349,"column":0},"end":{"line":349,"column":69}},"349":{"start":{"line":350,"column":0},"end":{"line":350,"column":38}},"350":{"start":{"line":351,"column":0},"end":{"line":351,"column":28}},"351":{"start":{"line":352,"column":0},"end":{"line":352,"column":69}},"352":{"start":{"line":353,"column":0},"end":{"line":353,"column":28}},"353":{"start":{"line":354,"column":0},"end":{"line":354,"column":33}},"354":{"start":{"line":355,"column":0},"end":{"line":355,"column":21}},"355":{"start":{"line":356,"column":0},"end":{"line":356,"column":22}},"358":{"start":{"line":359,"column":0},"end":{"line":359,"column":68}},"359":{"start":{"line":360,"column":0},"end":{"line":360,"column":64}},"361":{"start":{"line":362,"column":0},"end":{"line":362,"column":22}},"362":{"start":{"line":363,"column":0},"end":{"line":363,"column":65}},"363":{"start":{"line":364,"column":0},"end":{"line":364,"column":22}},"364":{"start":{"line":365,"column":0},"end":{"line":365,"column":23}},"365":{"start":{"line":366,"column":0},"end":{"line":366,"column":39}},"366":{"start":{"line":367,"column":0},"end":{"line":367,"column":51}},"367":{"start":{"line":368,"column":0},"end":{"line":368,"column":51}},"368":{"start":{"line":369,"column":0},"end":{"line":369,"column":24}},"369":{"start":{"line":370,"column":0},"end":{"line":370,"column":23}},"370":{"start":{"line":371,"column":0},"end":{"line":371,"column":36}},"371":{"start":{"line":372,"column":0},"end":{"line":372,"column":50}},"372":{"start":{"line":373,"column":0},"end":{"line":373,"column":51}},"373":{"start":{"line":374,"column":0},"end":{"line":374,"column":24}},"374":{"start":{"line":375,"column":0},"end":{"line":375,"column":23}},"375":{"start":{"line":376,"column":0},"end":{"line":376,"column":38}},"376":{"start":{"line":377,"column":0},"end":{"line":377,"column":50}},"377":{"start":{"line":378,"column":0},"end":{"line":378,"column":50}},"378":{"start":{"line":379,"column":0},"end":{"line":379,"column":24}},"379":{"start":{"line":380,"column":0},"end":{"line":380,"column":46}},"380":{"start":{"line":381,"column":0},"end":{"line":381,"column":31}},"381":{"start":{"line":382,"column":0},"end":{"line":382,"column":35}},"382":{"start":{"line":383,"column":0},"end":{"line":383,"column":49}},"383":{"start":{"line":384,"column":0},"end":{"line":384,"column":183}},"384":{"start":{"line":385,"column":0},"end":{"line":385,"column":62}},"385":{"start":{"line":386,"column":0},"end":{"line":386,"column":49}},"387":{"start":{"line":388,"column":0},"end":{"line":388,"column":59}},"388":{"start":{"line":389,"column":0},"end":{"line":389,"column":33}},"389":{"start":{"line":390,"column":0},"end":{"line":390,"column":23}},"390":{"start":{"line":391,"column":0},"end":{"line":391,"column":24}},"391":{"start":{"line":392,"column":0},"end":{"line":392,"column":22}},"392":{"start":{"line":393,"column":0},"end":{"line":393,"column":20}},"393":{"start":{"line":394,"column":0},"end":{"line":394,"column":25}},"394":{"start":{"line":395,"column":0},"end":{"line":395,"column":23}},"397":{"start":{"line":398,"column":0},"end":{"line":398,"column":21}},"398":{"start":{"line":399,"column":0},"end":{"line":399,"column":29}},"399":{"start":{"line":400,"column":0},"end":{"line":400,"column":43}},"400":{"start":{"line":401,"column":0},"end":{"line":401,"column":56}},"401":{"start":{"line":402,"column":0},"end":{"line":402,"column":52}},"403":{"start":{"line":404,"column":0},"end":{"line":404,"column":46}},"404":{"start":{"line":405,"column":0},"end":{"line":405,"column":65}},"406":{"start":{"line":407,"column":0},"end":{"line":407,"column":19}},"407":{"start":{"line":408,"column":0},"end":{"line":408,"column":99}},"408":{"start":{"line":409,"column":0},"end":{"line":409,"column":18}},"409":{"start":{"line":410,"column":0},"end":{"line":410,"column":23}},"410":{"start":{"line":411,"column":0},"end":{"line":411,"column":87}},"411":{"start":{"line":412,"column":0},"end":{"line":412,"column":42}},"412":{"start":{"line":413,"column":0},"end":{"line":413,"column":44}},"414":{"start":{"line":415,"column":0},"end":{"line":415,"column":21}},"415":{"start":{"line":416,"column":0},"end":{"line":416,"column":25}},"416":{"start":{"line":417,"column":0},"end":{"line":417,"column":23}},"417":{"start":{"line":418,"column":0},"end":{"line":418,"column":14}},"418":{"start":{"line":419,"column":0},"end":{"line":419,"column":16}},"421":{"start":{"line":422,"column":0},"end":{"line":422,"column":64}},"422":{"start":{"line":423,"column":0},"end":{"line":423,"column":42}},"423":{"start":{"line":424,"column":0},"end":{"line":424,"column":39}},"424":{"start":{"line":425,"column":0},"end":{"line":425,"column":21}},"425":{"start":{"line":426,"column":0},"end":{"line":426,"column":44}},"426":{"start":{"line":427,"column":0},"end":{"line":427,"column":38}},"427":{"start":{"line":428,"column":0},"end":{"line":428,"column":42}},"428":{"start":{"line":429,"column":0},"end":{"line":429,"column":44}},"429":{"start":{"line":430,"column":0},"end":{"line":430,"column":13}},"431":{"start":{"line":432,"column":0},"end":{"line":432,"column":23}},"434":{"start":{"line":435,"column":0},"end":{"line":435,"column":26}},"435":{"start":{"line":436,"column":0},"end":{"line":436,"column":77}},"436":{"start":{"line":437,"column":0},"end":{"line":437,"column":169}},"437":{"start":{"line":438,"column":0},"end":{"line":438,"column":48}},"438":{"start":{"line":439,"column":0},"end":{"line":439,"column":39}},"440":{"start":{"line":441,"column":0},"end":{"line":441,"column":26}},"441":{"start":{"line":442,"column":0},"end":{"line":442,"column":43}},"442":{"start":{"line":443,"column":0},"end":{"line":443,"column":62}},"443":{"start":{"line":444,"column":0},"end":{"line":444,"column":15}},"445":{"start":{"line":446,"column":0},"end":{"line":446,"column":28}},"446":{"start":{"line":447,"column":0},"end":{"line":447,"column":28}},"447":{"start":{"line":448,"column":0},"end":{"line":448,"column":16}},"448":{"start":{"line":449,"column":0},"end":{"line":449,"column":14}},"449":{"start":{"line":450,"column":0},"end":{"line":450,"column":15}},"450":{"start":{"line":451,"column":0},"end":{"line":451,"column":10}},"452":{"start":{"line":453,"column":0},"end":{"line":453,"column":2}}},"s":{"0":1,"1":1,"2":1,"3":1,"4":1,"14":1,"15":1,"16":1,"18":1,"19":38,"20":38,"21":38,"22":38,"23":38,"25":38,"26":38,"29":1,"30":1,"31":1,"32":1,"33":1,"35":1,"36":38,"37":38,"38":38,"40":38,"41":38,"42":38,"43":38,"45":38,"46":15,"47":15,"48":15,"50":38,"52":38,"53":4,"54":4,"55":4,"57":4,"58":4,"59":4,"61":4,"62":4,"63":4,"64":4,"66":4,"67":4,"68":4,"70":4,"73":4,"74":4,"75":4,"76":4,"77":4,"78":4,"80":3,"81":3,"82":3,"84":3,"85":4,"86":1,"89":1,"90":1,"91":0,"92":1,"93":0,"94":0,"95":0,"96":0,"97":0,"98":0,"99":1,"100":0,"101":0,"103":1,"104":1,"105":4,"106":4,"107":4,"108":4,"110":38,"111":38,"112":38,"113":38,"114":38,"115":38,"116":38,"117":38,"118":38,"119":38,"121":38,"122":38,"123":38,"124":38,"125":38,"126":38,"127":38,"128":38,"129":38,"130":38,"131":38,"133":38,"134":38,"135":38,"136":38,"137":38,"138":38,"141":38,"143":38,"144":456,"145":456,"146":456,"147":456,"148":456,"149":456,"150":456,"151":456,"152":456,"153":456,"154":456,"155":456,"156":456,"157":456,"158":456,"159":456,"160":456,"161":456,"162":456,"163":38,"164":38,"166":38,"168":38,"169":38,"170":38,"171":38,"172":38,"174":38,"175":38,"176":38,"177":38,"178":38,"179":38,"181":38,"182":38,"183":38,"184":38,"187":38,"188":38,"191":38,"192":4,"193":4,"194":4,"195":4,"196":4,"197":4,"198":3,"199":1,"200":4,"202":4,"203":3,"205":1,"207":4,"208":4,"209":3,"210":1,"211":4,"212":4,"216":38,"217":38,"218":38,"219":38,"220":38,"223":38,"224":38,"225":38,"227":38,"229":38,"230":38,"231":38,"232":38,"233":38,"235":38,"236":38,"237":38,"238":38,"239":38,"240":38,"241":38,"242":38,"243":38,"244":38,"245":38,"246":38,"247":38,"248":38,"249":38,"251":38,"252":38,"253":38,"254":38,"255":38,"256":38,"257":38,"258":38,"259":38,"260":38,"261":38,"262":38,"263":38,"265":38,"266":38,"267":38,"268":38,"269":38,"270":38,"271":38,"272":38,"273":38,"274":38,"275":38,"276":38,"277":38,"279":38,"280":38,"281":38,"282":38,"283":38,"284":38,"286":38,"287":4,"288":4,"289":4,"290":4,"291":4,"292":4,"293":4,"294":4,"295":4,"296":4,"297":4,"298":4,"300":34,"301":34,"302":34,"303":34,"305":38,"306":38,"307":38,"308":38,"311":38,"312":38,"313":38,"315":38,"317":38,"318":38,"319":38,"320":38,"321":38,"322":38,"323":38,"324":38,"325":38,"326":38,"327":38,"328":38,"329":38,"330":38,"331":38,"332":38,"333":38,"334":38,"335":38,"336":38,"337":38,"338":114,"339":114,"340":114,"341":114,"342":114,"344":114,"345":114,"346":114,"347":114,"348":114,"349":114,"350":114,"351":114,"352":114,"353":114,"354":38,"355":38,"358":38,"359":38,"361":38,"362":38,"363":38,"364":38,"365":38,"366":38,"367":38,"368":38,"369":38,"370":38,"371":38,"372":38,"373":38,"374":38,"375":38,"376":38,"377":38,"378":38,"379":38,"380":114,"381":114,"382":114,"383":114,"384":114,"385":114,"387":114,"388":114,"389":38,"390":38,"391":38,"392":38,"393":38,"394":38,"397":38,"398":38,"399":38,"400":38,"401":38,"403":38,"404":38,"406":38,"407":38,"408":38,"409":38,"410":38,"411":38,"412":38,"414":38,"415":38,"416":38,"417":38,"418":38,"421":38,"422":38,"423":38,"424":38,"425":38,"426":38,"427":38,"428":38,"429":38,"431":38,"434":38,"435":38,"436":38,"437":38,"438":38,"440":38,"441":38,"442":38,"443":38,"445":38,"446":38,"447":38,"448":38,"449":38,"450":38,"452":38},"branchMap":{"0":{"type":"branch","line":19,"loc":{"start":{"line":19,"column":14},"end":{"line":27,"column":8}},"locations":[{"start":{"line":19,"column":14},"end":{"line":27,"column":8}}]},"1":{"type":"branch","line":36,"loc":{"start":{"line":36,"column":23},"end":{"line":453,"column":2}},"locations":[{"start":{"line":36,"column":23},"end":{"line":453,"column":2}}]},"2":{"type":"branch","line":172,"loc":{"start":{"line":172,"column":49},"end":{"line":172,"column":56}},"locations":[{"start":{"line":172,"column":49},"end":{"line":172,"column":56}}]},"3":{"type":"branch","line":192,"loc":{"start":{"line":192,"column":11},"end":{"line":213,"column":25}},"locations":[{"start":{"line":192,"column":11},"end":{"line":213,"column":25}}]},"4":{"type":"branch","line":198,"loc":{"start":{"line":198,"column":33},"end":{"line":199,"column":79}},"locations":[{"start":{"line":198,"column":33},"end":{"line":199,"column":79}}]},"5":{"type":"branch","line":199,"loc":{"start":{"line":199,"column":20},"end":{"line":200,"column":73}},"locations":[{"start":{"line":199,"column":20},"end":{"line":200,"column":73}}]},"6":{"type":"branch","line":203,"loc":{"start":{"line":203,"column":32},"end":{"line":204,"column":66}},"locations":[{"start":{"line":203,"column":32},"end":{"line":204,"column":66}}]},"7":{"type":"branch","line":204,"loc":{"start":{"line":204,"column":64},"end":{"line":206,"column":64}},"locations":[{"start":{"line":204,"column":64},"end":{"line":206,"column":64}}]},"8":{"type":"branch","line":209,"loc":{"start":{"line":209,"column":34},"end":{"line":210,"column":76}},"locations":[{"start":{"line":209,"column":34},"end":{"line":210,"column":76}}]},"9":{"type":"branch","line":210,"loc":{"start":{"line":210,"column":20},"end":{"line":211,"column":87}},"locations":[{"start":{"line":210,"column":20},"end":{"line":211,"column":87}}]},"10":{"type":"branch","line":221,"loc":{"start":{"line":221,"column":30},"end":{"line":221,"column":51}},"locations":[{"start":{"line":221,"column":30},"end":{"line":221,"column":51}}]},"11":{"type":"branch","line":284,"loc":{"start":{"line":284,"column":41},"end":{"line":284,"column":60}},"locations":[{"start":{"line":284,"column":41},"end":{"line":284,"column":60}}]},"12":{"type":"branch","line":284,"loc":{"start":{"line":284,"column":56},"end":{"line":284,"column":65}},"locations":[{"start":{"line":284,"column":56},"end":{"line":284,"column":65}}]},"13":{"type":"branch","line":285,"loc":{"start":{"line":285,"column":39},"end":{"line":285,"column":58}},"locations":[{"start":{"line":285,"column":39},"end":{"line":285,"column":58}}]},"14":{"type":"branch","line":285,"loc":{"start":{"line":285,"column":54},"end":{"line":285,"column":63}},"locations":[{"start":{"line":285,"column":54},"end":{"line":285,"column":63}}]},"15":{"type":"branch","line":287,"loc":{"start":{"line":287,"column":21},"end":{"line":299,"column":25}},"locations":[{"start":{"line":287,"column":21},"end":{"line":299,"column":25}}]},"16":{"type":"branch","line":299,"loc":{"start":{"line":299,"column":22},"end":{"line":304,"column":25}},"locations":[{"start":{"line":299,"column":22},"end":{"line":304,"column":25}}]},"17":{"type":"branch","line":323,"loc":{"start":{"line":323,"column":35},"end":{"line":323,"column":52}},"locations":[{"start":{"line":323,"column":35},"end":{"line":323,"column":52}}]},"18":{"type":"branch","line":323,"loc":{"start":{"line":323,"column":41},"end":{"line":323,"column":73}},"locations":[{"start":{"line":323,"column":41},"end":{"line":323,"column":73}}]},"19":{"type":"branch","line":329,"loc":{"start":{"line":329,"column":35},"end":{"line":329,"column":50}},"locations":[{"start":{"line":329,"column":35},"end":{"line":329,"column":50}}]},"20":{"type":"branch","line":329,"loc":{"start":{"line":329,"column":41},"end":{"line":329,"column":69}},"locations":[{"start":{"line":329,"column":41},"end":{"line":329,"column":69}}]},"21":{"type":"branch","line":335,"loc":{"start":{"line":335,"column":35},"end":{"line":335,"column":50}},"locations":[{"start":{"line":335,"column":35},"end":{"line":335,"column":50}}]},"22":{"type":"branch","line":335,"loc":{"start":{"line":335,"column":41},"end":{"line":335,"column":69}},"locations":[{"start":{"line":335,"column":41},"end":{"line":335,"column":69}}]},"23":{"type":"branch","line":367,"loc":{"start":{"line":367,"column":36},"end":{"line":367,"column":51}},"locations":[{"start":{"line":367,"column":36},"end":{"line":367,"column":51}}]},"24":{"type":"branch","line":372,"loc":{"start":{"line":372,"column":36},"end":{"line":372,"column":50}},"locations":[{"start":{"line":372,"column":36},"end":{"line":372,"column":50}}]},"25":{"type":"branch","line":377,"loc":{"start":{"line":377,"column":36},"end":{"line":377,"column":50}},"locations":[{"start":{"line":377,"column":36},"end":{"line":377,"column":50}}]},"26":{"type":"branch","line":401,"loc":{"start":{"line":401,"column":49},"end":{"line":401,"column":56}},"locations":[{"start":{"line":401,"column":49},"end":{"line":401,"column":56}}]},"27":{"type":"branch","line":46,"loc":{"start":{"line":46,"column":23},"end":{"line":49,"column":4}},"locations":[{"start":{"line":46,"column":23},"end":{"line":49,"column":4}}]},"28":{"type":"branch","line":48,"loc":{"start":{"line":48,"column":13},"end":{"line":48,"column":61}},"locations":[{"start":{"line":48,"column":13},"end":{"line":48,"column":61}}]},"29":{"type":"branch","line":51,"loc":{"start":{"line":51,"column":21},"end":{"line":51,"column":57}},"locations":[{"start":{"line":51,"column":21},"end":{"line":51,"column":57}}]},"30":{"type":"branch","line":53,"loc":{"start":{"line":53,"column":23},"end":{"line":109,"column":4}},"locations":[{"start":{"line":53,"column":23},"end":{"line":109,"column":4}}]},"31":{"type":"branch","line":79,"loc":{"start":{"line":79,"column":6},"end":{"line":86,"column":13}},"locations":[{"start":{"line":79,"column":6},"end":{"line":86,"column":13}}]},"32":{"type":"branch","line":86,"loc":{"start":{"line":86,"column":4},"end":{"line":106,"column":6}},"locations":[{"start":{"line":86,"column":4},"end":{"line":106,"column":6}}]},"33":{"type":"branch","line":91,"loc":{"start":{"line":91,"column":14},"end":{"line":92,"column":65}},"locations":[{"start":{"line":91,"column":14},"end":{"line":92,"column":65}}]},"34":{"type":"branch","line":93,"loc":{"start":{"line":93,"column":8},"end":{"line":100,"column":17}},"locations":[{"start":{"line":93,"column":8},"end":{"line":100,"column":17}}]},"35":{"type":"branch","line":100,"loc":{"start":{"line":100,"column":39},"end":{"line":102,"column":7}},"locations":[{"start":{"line":100,"column":39},"end":{"line":102,"column":7}}]},"36":{"type":"branch","line":144,"loc":{"start":{"line":144,"column":30},"end":{"line":163,"column":14}},"locations":[{"start":{"line":144,"column":30},"end":{"line":163,"column":14}}]},"37":{"type":"branch","line":338,"loc":{"start":{"line":338,"column":24},"end":{"line":354,"column":33}},"locations":[{"start":{"line":338,"column":24},"end":{"line":354,"column":33}}]},"38":{"type":"branch","line":380,"loc":{"start":{"line":380,"column":26},"end":{"line":389,"column":33}},"locations":[{"start":{"line":380,"column":26},"end":{"line":389,"column":33}}]},"39":{"type":"branch","line":383,"loc":{"start":{"line":383,"column":37},"end":{"line":383,"column":49}},"locations":[{"start":{"line":383,"column":37},"end":{"line":383,"column":49}}]}},"b":{"0":[38],"1":[38],"2":[0],"3":[4],"4":[3],"5":[1],"6":[3],"7":[1],"8":[3],"9":[1],"10":[0],"11":[4],"12":[34],"13":[4],"14":[34],"15":[4],"16":[34],"17":[37],"18":[2],"19":[37],"20":[2],"21":[37],"22":[2],"23":[37],"24":[37],"25":[37],"26":[0],"27":[15],"28":[15],"29":[3],"30":[4],"31":[3],"32":[1],"33":[0],"34":[0],"35":[0],"36":[456],"37":[114],"38":[114],"39":[6]},"fnMap":{"0":{"name":"XIcon","decl":{"start":{"line":19,"column":14},"end":{"line":27,"column":8}},"loc":{"start":{"line":19,"column":14},"end":{"line":27,"column":8}},"line":19},"1":{"name":"Contact","decl":{"start":{"line":36,"column":23},"end":{"line":453,"column":2}},"loc":{"start":{"line":36,"column":23},"end":{"line":453,"column":2}},"line":36},"2":{"name":"handleChange","decl":{"start":{"line":46,"column":23},"end":{"line":49,"column":4}},"loc":{"start":{"line":46,"column":23},"end":{"line":49,"column":4}},"line":46},"3":{"name":"clearState","decl":{"start":{"line":51,"column":21},"end":{"line":51,"column":57}},"loc":{"start":{"line":51,"column":21},"end":{"line":51,"column":57}},"line":51},"4":{"name":"handleSubmit","decl":{"start":{"line":53,"column":23},"end":{"line":109,"column":4}},"loc":{"start":{"line":53,"column":23},"end":{"line":109,"column":4}},"line":53},"5":{"name":"onClick","decl":{"start":{"line":436,"column":23},"end":{"line":436,"column":77}},"loc":{"start":{"line":436,"column":23},"end":{"line":436,"column":77}},"line":436}},"f":{"0":38,"1":38,"2":15,"3":3,"4":4,"5":0}}
,"/Users/shoaibmulla/Downloads/magnox_energy_solutions/magnox_energy_web/src/components/Features.jsx": {"path":"/Users/shoaibmulla/Downloads/magnox_energy_solutions/magnox_energy_web/src/components/Features.jsx","all":false,"statementMap":{"0":{"start":{"line":1,"column":0},"end":{"line":1,"column":26}},"1":{"start":{"line":2,"column":0},"end":{"line":2,"column":39}},"2":{"start":{"line":3,"column":0},"end":{"line":3,"column":56}},"3":{"start":{"line":4,"column":0},"end":{"line":4,"column":63}},"5":{"start":{"line":6,"column":0},"end":{"line":6,"column":36}},"6":{"start":{"line":7,"column":0},"end":{"line":7,"column":35}},"7":{"start":{"line":8,"column":0},"end":{"line":8,"column":22}},"8":{"start":{"line":9,"column":0},"end":{"line":9,"column":19}},"9":{"start":{"line":10,"column":0},"end":{"line":10,"column":5}},"12":{"start":{"line":13,"column":0},"end":{"line":13,"column":19}},"13":{"start":{"line":14,"column":0},"end":{"line":14,"column":69}},"14":{"start":{"line":15,"column":0},"end":{"line":15,"column":79}},"15":{"start":{"line":16,"column":0},"end":{"line":16,"column":79}},"16":{"start":{"line":17,"column":0},"end":{"line":17,"column":86}},"17":{"start":{"line":18,"column":0},"end":{"line":18,"column":4}},"19":{"start":{"line":20,"column":0},"end":{"line":20,"column":29}},"20":{"start":{"line":21,"column":0},"end":{"line":21,"column":27}},"21":{"start":{"line":22,"column":0},"end":{"line":22,"column":14}},"22":{"start":{"line":23,"column":0},"end":{"line":23,"column":17}},"23":{"start":{"line":24,"column":0},"end":{"line":24,"column":19}},"24":{"start":{"line":25,"column":0},"end":{"line":25,"column":29}},"25":{"start":{"line":26,"column":0},"end":{"line":26,"column":27}},"26":{"start":{"line":27,"column":0},"end":{"line":27,"column":8}},"27":{"start":{"line":28,"column":0},"end":{"line":28,"column":6}},"28":{"start":{"line":29,"column":0},"end":{"line":29,"column":4}},"30":{"start":{"line":31,"column":0},"end":{"line":31,"column":24}},"31":{"start":{"line":32,"column":0},"end":{"line":32,"column":46}},"32":{"start":{"line":33,"column":0},"end":{"line":33,"column":14}},"33":{"start":{"line":34,"column":0},"end":{"line":34,"column":17}},"34":{"start":{"line":35,"column":0},"end":{"line":35,"column":11}},"35":{"start":{"line":36,"column":0},"end":{"line":36,"column":15}},"36":{"start":{"line":37,"column":0},"end":{"line":37,"column":19}},"37":{"start":{"line":38,"column":0},"end":{"line":38,"column":22}},"38":{"start":{"line":39,"column":0},"end":{"line":39,"column":24}},"39":{"start":{"line":40,"column":0},"end":{"line":40,"column":8}},"40":{"start":{"line":41,"column":0},"end":{"line":41,"column":6}},"41":{"start":{"line":42,"column":0},"end":{"line":42,"column":4}},"43":{"start":{"line":44,"column":0},"end":{"line":44,"column":10}},"44":{"start":{"line":45,"column":0},"end":{"line":45,"column":12}},"45":{"start":{"line":46,"column":0},"end":{"line":46,"column":19}},"46":{"start":{"line":47,"column":0},"end":{"line":47,"column":109}},"47":{"start":{"line":48,"column":0},"end":{"line":48,"column":15}},"50":{"start":{"line":51,"column":0},"end":{"line":51,"column":135}},"51":{"start":{"line":52,"column":0},"end":{"line":52,"column":136}},"53":{"start":{"line":54,"column":0},"end":{"line":54,"column":49}},"55":{"start":{"line":56,"column":0},"end":{"line":56,"column":19}},"56":{"start":{"line":57,"column":0},"end":{"line":57,"column":39}},"57":{"start":{"line":58,"column":0},"end":{"line":58,"column":41}},"58":{"start":{"line":59,"column":0},"end":{"line":59,"column":54}},"59":{"start":{"line":60,"column":0},"end":{"line":60,"column":40}},"61":{"start":{"line":62,"column":0},"end":{"line":62,"column":20}},"62":{"start":{"line":63,"column":0},"end":{"line":63,"column":71}},"63":{"start":{"line":64,"column":0},"end":{"line":64,"column":40}},"65":{"start":{"line":66,"column":0},"end":{"line":66,"column":67}},"66":{"start":{"line":67,"column":0},"end":{"line":67,"column":22}},"67":{"start":{"line":68,"column":0},"end":{"line":68,"column":116}},"68":{"start":{"line":69,"column":0},"end":{"line":69,"column":81}},"71":{"start":{"line":72,"column":0},"end":{"line":72,"column":14}},"72":{"start":{"line":73,"column":0},"end":{"line":73,"column":21}},"75":{"start":{"line":76,"column":0},"end":{"line":76,"column":19}},"76":{"start":{"line":77,"column":0},"end":{"line":77,"column":74}},"77":{"start":{"line":78,"column":0},"end":{"line":78,"column":38}},"78":{"start":{"line":79,"column":0},"end":{"line":79,"column":26}},"79":{"start":{"line":80,"column":0},"end":{"line":80,"column":49}},"81":{"start":{"line":82,"column":0},"end":{"line":82,"column":25}},"82":{"start":{"line":83,"column":0},"end":{"line":83,"column":48}},"83":{"start":{"line":84,"column":0},"end":{"line":84,"column":62}},"85":{"start":{"line":86,"column":0},"end":{"line":86,"column":22}},"86":{"start":{"line":87,"column":0},"end":{"line":87,"column":27}},"87":{"start":{"line":88,"column":0},"end":{"line":88,"column":51}},"88":{"start":{"line":89,"column":0},"end":{"line":89,"column":41}},"89":{"start":{"line":90,"column":0},"end":{"line":90,"column":31}},"90":{"start":{"line":91,"column":0},"end":{"line":91,"column":27}},"91":{"start":{"line":92,"column":0},"end":{"line":92,"column":67}},"92":{"start":{"line":93,"column":0},"end":{"line":93,"column":20}},"93":{"start":{"line":94,"column":0},"end":{"line":94,"column":35}},"95":{"start":{"line":96,"column":0},"end":{"line":96,"column":91}},"97":{"start":{"line":98,"column":0},"end":{"line":98,"column":179}},"100":{"start":{"line":101,"column":0},"end":{"line":101,"column":31}},"101":{"start":{"line":102,"column":0},"end":{"line":102,"column":67}},"102":{"start":{"line":103,"column":0},"end":{"line":103,"column":50}},"103":{"start":{"line":104,"column":0},"end":{"line":104,"column":71}},"105":{"start":{"line":106,"column":0},"end":{"line":106,"column":48}},"106":{"start":{"line":107,"column":0},"end":{"line":107,"column":223}},"107":{"start":{"line":108,"column":0},"end":{"line":108,"column":65}},"108":{"start":{"line":109,"column":0},"end":{"line":109,"column":30}},"110":{"start":{"line":111,"column":0},"end":{"line":111,"column":142}},"111":{"start":{"line":112,"column":0},"end":{"line":112,"column":28}},"112":{"start":{"line":113,"column":0},"end":{"line":113,"column":33}},"115":{"start":{"line":116,"column":0},"end":{"line":116,"column":46}},"116":{"start":{"line":117,"column":0},"end":{"line":117,"column":136}},"117":{"start":{"line":118,"column":0},"end":{"line":118,"column":39}},"118":{"start":{"line":119,"column":0},"end":{"line":119,"column":27}},"119":{"start":{"line":120,"column":0},"end":{"line":120,"column":67}},"120":{"start":{"line":121,"column":0},"end":{"line":121,"column":38}},"121":{"start":{"line":122,"column":0},"end":{"line":122,"column":26}},"122":{"start":{"line":123,"column":0},"end":{"line":123,"column":26}},"125":{"start":{"line":126,"column":0},"end":{"line":126,"column":208}},"126":{"start":{"line":127,"column":0},"end":{"line":127,"column":220}},"127":{"start":{"line":128,"column":0},"end":{"line":128,"column":24}},"128":{"start":{"line":129,"column":0},"end":{"line":129,"column":29}},"130":{"start":{"line":131,"column":0},"end":{"line":131,"column":14}},"132":{"start":{"line":133,"column":0},"end":{"line":133,"column":63}},"133":{"start":{"line":134,"column":0},"end":{"line":134,"column":67}},"135":{"start":{"line":136,"column":0},"end":{"line":136,"column":20}},"136":{"start":{"line":137,"column":0},"end":{"line":137,"column":18}},"138":{"start":{"line":139,"column":0},"end":{"line":139,"column":21}},"141":{"start":{"line":142,"column":0},"end":{"line":142,"column":19}},"142":{"start":{"line":143,"column":0},"end":{"line":143,"column":39}},"143":{"start":{"line":144,"column":0},"end":{"line":144,"column":41}},"144":{"start":{"line":145,"column":0},"end":{"line":145,"column":54}},"145":{"start":{"line":146,"column":0},"end":{"line":146,"column":50}},"147":{"start":{"line":148,"column":0},"end":{"line":148,"column":19}},"148":{"start":{"line":149,"column":0},"end":{"line":149,"column":25}},"149":{"start":{"line":150,"column":0},"end":{"line":150,"column":37}},"150":{"start":{"line":151,"column":0},"end":{"line":151,"column":40}},"151":{"start":{"line":152,"column":0},"end":{"line":152,"column":38}},"152":{"start":{"line":153,"column":0},"end":{"line":153,"column":11}},"154":{"start":{"line":155,"column":0},"end":{"line":155,"column":21}},"155":{"start":{"line":156,"column":0},"end":{"line":156,"column":21}},"156":{"start":{"line":157,"column":0},"end":{"line":157,"column":12}},"157":{"start":{"line":158,"column":0},"end":{"line":158,"column":14}},"159":{"start":{"line":160,"column":0},"end":{"line":160,"column":2}}},"s":{"0":1,"1":1,"2":1,"3":1,"5":1,"6":8,"7":8,"8":8,"9":8,"12":8,"13":8,"14":8,"15":8,"16":8,"17":8,"19":8,"20":8,"21":8,"22":8,"23":8,"24":8,"25":8,"26":8,"27":8,"28":8,"30":8,"31":8,"32":8,"33":8,"34":8,"35":8,"36":8,"37":8,"38":8,"39":8,"40":8,"41":8,"43":8,"44":8,"45":8,"46":8,"47":8,"50":8,"51":8,"53":8,"55":8,"56":8,"57":8,"58":8,"59":8,"61":8,"62":8,"63":8,"65":8,"66":8,"67":8,"68":8,"71":8,"72":8,"75":8,"76":8,"77":8,"78":8,"79":8,"81":8,"82":7,"83":28,"85":28,"86":28,"87":28,"88":28,"89":28,"90":28,"91":28,"92":28,"93":28,"95":28,"97":28,"100":28,"101":28,"102":28,"103":28,"105":28,"106":28,"107":28,"108":28,"110":28,"111":28,"112":28,"115":28,"116":28,"117":28,"118":28,"119":28,"120":28,"121":28,"122":28,"125":28,"126":28,"127":28,"128":28,"130":7,"132":1,"133":1,"135":1,"136":1,"138":8,"141":8,"142":8,"143":8,"144":8,"145":8,"147":8,"148":8,"149":8,"150":8,"151":8,"152":8,"154":8,"155":8,"156":8,"157":8,"159":8},"branchMap":{"0":{"type":"branch","line":6,"loc":{"start":{"line":6,"column":24},"end":{"line":160,"column":2}},"locations":[{"start":{"line":6,"column":24},"end":{"line":160,"column":2}}]},"1":{"type":"branch","line":59,"loc":{"start":{"line":59,"column":47},"end":{"line":59,"column":54}},"locations":[{"start":{"line":59,"column":47},"end":{"line":59,"column":54}}]},"2":{"type":"branch","line":80,"loc":{"start":{"line":80,"column":28},"end":{"line":80,"column":49}},"locations":[{"start":{"line":80,"column":28},"end":{"line":80,"column":49}}]},"3":{"type":"branch","line":82,"loc":{"start":{"line":82,"column":17},"end":{"line":131,"column":14}},"locations":[{"start":{"line":82,"column":17},"end":{"line":131,"column":14}}]},"4":{"type":"branch","line":131,"loc":{"start":{"line":131,"column":13},"end":{"line":137,"column":18}},"locations":[{"start":{"line":131,"column":13},"end":{"line":137,"column":18}}]},"5":{"type":"branch","line":145,"loc":{"start":{"line":145,"column":47},"end":{"line":145,"column":54}},"locations":[{"start":{"line":145,"column":47},"end":{"line":145,"column":54}}]},"6":{"type":"branch","line":83,"loc":{"start":{"line":83,"column":27},"end":{"line":131,"column":13}},"locations":[{"start":{"line":83,"column":27},"end":{"line":131,"column":13}}]},"7":{"type":"branch","line":84,"loc":{"start":{"line":84,"column":49},"end":{"line":84,"column":62}},"locations":[{"start":{"line":84,"column":49},"end":{"line":84,"column":62}}]}},"b":{"0":[8],"1":[0],"2":[0],"3":[7],"4":[1],"5":[0],"6":[28],"7":[0]},"fnMap":{"0":{"name":"Features","decl":{"start":{"line":6,"column":24},"end":{"line":160,"column":2}},"loc":{"start":{"line":6,"column":24},"end":{"line":160,"column":2}},"line":6}},"f":{"0":8}}
,"/Users/shoaibmulla/Downloads/magnox_energy_solutions/magnox_energy_web/src/components/Gallery.jsx": {"path":"/Users/shoaibmulla/Downloads/magnox_energy_solutions/magnox_energy_web/src/components/Gallery.jsx","all":false,"statementMap":{"0":{"start":{"line":1,"column":0},"end":{"line":1,"column":33}},"1":{"start":{"line":2,"column":0},"end":{"line":2,"column":56}},"2":{"start":{"line":3,"column":0},"end":{"line":3,"column":56}},"3":{"start":{"line":4,"column":0},"end":{"line":4,"column":63}},"5":{"start":{"line":6,"column":0},"end":{"line":6,"column":35}},"6":{"start":{"line":7,"column":0},"end":{"line":7,"column":59}},"7":{"start":{"line":8,"column":0},"end":{"line":8,"column":60}},"9":{"start":{"line":10,"column":0},"end":{"line":10,"column":35}},"10":{"start":{"line":11,"column":0},"end":{"line":11,"column":22}},"11":{"start":{"line":12,"column":0},"end":{"line":12,"column":19}},"12":{"start":{"line":13,"column":0},"end":{"line":13,"column":5}},"15":{"start":{"line":16,"column":0},"end":{"line":16,"column":32}},"16":{"start":{"line":17,"column":0},"end":{"line":17,"column":39}},"18":{"start":{"line":19,"column":0},"end":{"line":19,"column":69}},"20":{"start":{"line":21,"column":0},"end":{"line":21,"column":16}},"21":{"start":{"line":22,"column":0},"end":{"line":22,"column":18}},"22":{"start":{"line":23,"column":0},"end":{"line":23,"column":20}},"24":{"start":{"line":25,"column":0},"end":{"line":25,"column":38}},"25":{"start":{"line":26,"column":0},"end":{"line":26,"column":38}},"26":{"start":{"line":27,"column":0},"end":{"line":27,"column":21}},"27":{"start":{"line":28,"column":0},"end":{"line":28,"column":26}},"28":{"start":{"line":29,"column":0},"end":{"line":29,"column":26}},"29":{"start":{"line":30,"column":0},"end":{"line":30,"column":25}},"30":{"start":{"line":31,"column":0},"end":{"line":31,"column":29}},"31":{"start":{"line":32,"column":0},"end":{"line":32,"column":23}},"32":{"start":{"line":33,"column":0},"end":{"line":33,"column":56}},"33":{"start":{"line":34,"column":0},"end":{"line":34,"column":52}},"34":{"start":{"line":35,"column":0},"end":{"line":35,"column":18}},"35":{"start":{"line":36,"column":0},"end":{"line":36,"column":22}},"36":{"start":{"line":37,"column":0},"end":{"line":37,"column":22}},"37":{"start":{"line":38,"column":0},"end":{"line":38,"column":22}},"38":{"start":{"line":39,"column":0},"end":{"line":39,"column":22}},"39":{"start":{"line":40,"column":0},"end":{"line":40,"column":22}},"40":{"start":{"line":41,"column":0},"end":{"line":41,"column":22}},"41":{"start":{"line":42,"column":0},"end":{"line":42,"column":23}},"42":{"start":{"line":43,"column":0},"end":{"line":43,"column":10}},"43":{"start":{"line":44,"column":0},"end":{"line":44,"column":8}},"44":{"start":{"line":45,"column":0},"end":{"line":45,"column":9}},"47":{"start":{"line":48,"column":0},"end":{"line":48,"column":46}},"48":{"start":{"line":49,"column":0},"end":{"line":49,"column":28}},"49":{"start":{"line":50,"column":0},"end":{"line":50,"column":4}},"51":{"start":{"line":52,"column":0},"end":{"line":52,"column":38}},"52":{"start":{"line":53,"column":0},"end":{"line":53,"column":24}},"53":{"start":{"line":54,"column":0},"end":{"line":54,"column":30}},"54":{"start":{"line":55,"column":0},"end":{"line":55,"column":35}},"55":{"start":{"line":56,"column":0},"end":{"line":56,"column":32}},"56":{"start":{"line":57,"column":0},"end":{"line":57,"column":31}},"57":{"start":{"line":58,"column":0},"end":{"line":58,"column":14}},"58":{"start":{"line":59,"column":0},"end":{"line":59,"column":28}},"59":{"start":{"line":60,"column":0},"end":{"line":60,"column":7}},"60":{"start":{"line":61,"column":0},"end":{"line":61,"column":20}},"61":{"start":{"line":62,"column":0},"end":{"line":62,"column":7}},"62":{"start":{"line":63,"column":0},"end":{"line":63,"column":4}},"64":{"start":{"line":65,"column":0},"end":{"line":65,"column":10}},"65":{"start":{"line":66,"column":0},"end":{"line":66,"column":12}},"66":{"start":{"line":67,"column":0},"end":{"line":67,"column":20}},"67":{"start":{"line":68,"column":0},"end":{"line":68,"column":130}},"68":{"start":{"line":69,"column":0},"end":{"line":69,"column":15}},"71":{"start":{"line":72,"column":0},"end":{"line":72,"column":40}},"72":{"start":{"line":73,"column":0},"end":{"line":73,"column":39}},"73":{"start":{"line":74,"column":0},"end":{"line":74,"column":21}},"74":{"start":{"line":75,"column":0},"end":{"line":75,"column":19}},"75":{"start":{"line":76,"column":0},"end":{"line":76,"column":96}},"76":{"start":{"line":77,"column":0},"end":{"line":77,"column":20}},"77":{"start":{"line":78,"column":0},"end":{"line":78,"column":46}},"78":{"start":{"line":79,"column":0},"end":{"line":79,"column":47}},"79":{"start":{"line":80,"column":0},"end":{"line":80,"column":46}},"80":{"start":{"line":81,"column":0},"end":{"line":81,"column":45}},"81":{"start":{"line":82,"column":0},"end":{"line":82,"column":14}},"82":{"start":{"line":83,"column":0},"end":{"line":83,"column":22}},"83":{"start":{"line":84,"column":0},"end":{"line":84,"column":47}},"84":{"start":{"line":85,"column":0},"end":{"line":85,"column":47}},"85":{"start":{"line":86,"column":0},"end":{"line":86,"column":33}},"86":{"start":{"line":87,"column":0},"end":{"line":87,"column":39}},"87":{"start":{"line":88,"column":0},"end":{"line":88,"column":14}},"88":{"start":{"line":89,"column":0},"end":{"line":89,"column":25}},"89":{"start":{"line":90,"column":0},"end":{"line":90,"column":47}},"90":{"start":{"line":91,"column":0},"end":{"line":91,"column":31}},"91":{"start":{"line":92,"column":0},"end":{"line":92,"column":29}},"92":{"start":{"line":93,"column":0},"end":{"line":93,"column":14}},"93":{"start":{"line":94,"column":0},"end":{"line":94,"column":12}},"94":{"start":{"line":95,"column":0},"end":{"line":95,"column":11}},"95":{"start":{"line":96,"column":0},"end":{"line":96,"column":12}},"97":{"start":{"line":98,"column":0},"end":{"line":98,"column":49}},"99":{"start":{"line
[...]
tart":{"line":192,"column":13},"end":{"line":198,"column":18}},"locations":[{"start":{"line":192,"column":13},"end":{"line":198,"column":18}}]},"5":{"type":"branch","line":206,"loc":{"start":{"line":206,"column":47},"end":{"line":206,"column":54}},"locations":[{"start":{"line":206,"column":47},"end":{"line":206,"column":54}}]},"6":{"type":"branch","line":233,"loc":{"start":{"line":233,"column":47},"end":{"line":233,"column":54}},"locations":[{"start":{"line":233,"column":47},"end":{"line":233,"column":54}}]},"7":{"type":"branch","line":78,"loc":{"start":{"line":78,"column":27},"end":{"line":192,"column":13}},"locations":[{"start":{"line":78,"column":27},"end":{"line":192,"column":13}}]},"8":{"type":"branch","line":103,"loc":{"start":{"line":103,"column":32},"end":{"line":104,"column":76}},"locations":[{"start":{"line":103,"column":32},"end":{"line":104,"column":76}}]},"9":{"type":"branch","line":106,"loc":{"start":{"line":106,"column":33},"end":{"line":109,"column":27}},"locations":[{"start":{"line":106,"column":33},"end":{"line":109,"column":27}}]},"10":{"type":"branch","line":161,"loc":{"start":{"line":161,"column":45},"end":{"line":178,"column":30}},"locations":[{"start":{"line":161,"column":45},"end":{"line":178,"column":30}}]},"11":{"type":"branch","line":169,"loc":{"start":{"line":169,"column":44},"end":{"line":169,"column":60}},"locations":[{"start":{"line":169,"column":44},"end":{"line":169,"column":60}}]},"12":{"type":"branch","line":169,"loc":{"start":{"line":169,"column":48},"end":{"line":169,"column":70}},"locations":[{"start":{"line":169,"column":48},"end":{"line":169,"column":70}}]},"13":{"type":"branch","line":171,"loc":{"start":{"line":171,"column":36},"end":{"line":172,"column":38}},"locations":[{"start":{"line":171,"column":36},"end":{"line":172,"column":38}}]},"14":{"type":"branch","line":213,"loc":{"start":{"line":213,"column":16},"end":{"line":225,"column":25}},"locations":[{"start":{"line":213,"column":16},"end":{"line":225,"column":25}}]}},"b":{"0":[21],"1":[0],"2":[0],"3":[20],"4":[1],"5":[0],"6":[0],"7":[76],"8":[1],"9":[1],"10":[380],"11":[304],"12":[76],"13":[0],"14":[63]},"fnMap":{"0":{"name":"Team","decl":{"start":{"line":6,"column":20},"end":{"line":251,"column":2}},"loc":{"start":{"line":6,"column":20},"end":{"line":251,"column":2}},"line":6},"1":{"name":"onLoad","decl":{"start":{"line":103,"column":32},"end":{"line":104,"column":76}},"loc":{"start":{"line":103,"column":32},"end":{"line":104,"column":76}},"line":103},"2":{"name":"onError","decl":{"start":{"line":106,"column":33},"end":{"line":109,"column":27}},"loc":{"start":{"line":106,"column":33},"end":{"line":109,"column":27}},"line":106}},"f":{"0":21,"1":1,"2":1}}
,"/Users/shoaibmulla/Downloads/magnox_energy_solutions/magnox_energy_web/src/components/Testimonials.jsx": {"path":"/Users/shoaibmulla/Downloads/magnox_energy_solutions/magnox_energy_web/src/components/Testimonials.jsx","all":false,"statementMap":{"0":{"start":{"line":1,"column":0},"end":{"line":1,"column":26}},"1":{"start":{"line":2,"column":0},"end":{"line":2,"column":39}},"2":{"start":{"line":3,"column":0},"end":{"line":3,"column":56}},"3":{"start":{"line":4,"column":0},"end":{"line":4,"column":43}},"5":{"start":{"line":6,"column":0},"end":{"line":6,"column":40}},"6":{"start":{"line":7,"column":0},"end":{"line":7,"column":35}},"7":{"start":{"line":8,"column":0},"end":{"line":8,"column":22}},"8":{"start":{"line":9,"column":0},"end":{"line":9,"column":19}},"9":{"start":{"line":10,"column":0},"end":{"line":10,"column":5}},"11":{"start":{"line":12,"column":0},"end":{"line":12,"column":29}},"12":{"start":{"line":13,"column":0},"end":{"line":13,"column":27}},"13":{"start":{"line":14,"column":0},"end":{"line":14,"column":14}},"14":{"start":{"line":15,"column":0},"end":{"line":15,"column":17}},"15":{"start":{"line":16,"column":0},"end":{"line":16,"column":19}},"16":{"start":{"line":17,"column":0},"end":{"line":17,"column":29}},"17":{"start":{"line":18,"column":0},"end":{"line":18,"column":27}},"18":{"start":{"line":19,"column":0},"end":{"line":19,"column":8}},"19":{"start":{"line":20,"column":0},"end":{"line":20,"column":6}},"20":{"start":{"line":21,"column":0},"end":{"line":21,"column":4}},"22":{"start":{"line":23,"column":0},"end":{"line":23,"column":24}},"23":{"start":{"line":24,"column":0},"end":{"line":24,"column":46}},"24":{"start":{"line":25,"column":0},"end":{"line":25,"column":14}},"25":{"start":{"line":26,"column":0},"end":{"line":26,"column":17}},"26":{"start":{"line":27,"column":0},"end":{"line":27,"column":11}},"27":{"start":{"line":28,"column":0},"end":{"line":28,"column":15}},"28":{"start":{"line":29,"column":0},"end":{"line":29,"column":19}},"29":{"start":{"line":30,"column":0},"end":{"line":30,"column":22}},"30":{"start":{"line":31,"column":0},"end":{"line":31,"column":24}},"31":{"start":{"line":32,"column":0},"end":{"line":32,"column":8}},"32":{"start":{"line":33,"column":0},"end":{"line":33,"column":6}},"33":{"start":{"line":34,"column":0},"end":{"line":34,"column":4}},"35":{"start":{"line":36,"column":0},"end":{"line":36,"column":10}},"36":{"start":{"line":37,"column":0},"end":{"line":37,"column":12}},"37":{"start":{"line":38,"column":0},"end":{"line":38,"column":23}},"38":{"start":{"line":39,"column":0},"end":{"line":39,"column":97}},"39":{"start":{"line":40,"column":0},"end":{"line":40,"column":15}},"42":{"start":{"line":43,"column":0},"end":{"line":43,"column":103}},"43":{"start":{"line":44,"column":0},"end":{"line":44,"column":106}},"45":{"start":{"line":46,"column":0},"end":{"line":46,"column":49}},"47":{"start":{"line":48,"column":0},"end":{"line":48,"column":19}},"48":{"start":{"line":49,"column":0},"end":{"line":49,"column":39}},"49":{"start":{"line":50,"column":0},"end":{"line":50,"column":41}},"50":{"start":{"line":51,"column":0},"end":{"line":51,"column":54}},"51":{"start":{"line":52,"column":0},"end":{"line":52,"column":40}},"53":{"start":{"line":54,"column":0},"end":{"line":54,"column":20}},"54":{"start":{"line":55,"column":0},"end":{"line":55,"column":71}},"55":{"start":{"line":56,"column":0},"end":{"line":56,"column":40}},"57":{"start":{"line":58,"column":0},"end":{"line":58,"column":71}},"58":{"start":{"line":59,"column":0},"end":{"line":59,"column":22}},"59":{"start":{"line":60,"column":0},"end":{"line":60,"column":116}},"60":{"start":{"line":61,"column":0},"end":{"line":61,"column":81}},"62":{"start":{"line":63,"column":0},"end":{"line":63,"column":14}},"63":{"start":{"line":64,"column":0},"end":{"line":64,"column":21}},"66":{"start":{"line":67,"column":0},"end":{"line":67,"column":19}},"67":{"start":{"line":68,"column":0},"end":{"line":68,"column":74}},"68":{"start":{"line":69,"column":0},"end":{"line":69,"column":38}},"69":{"start":{"line":70,"column":0},"end":{"line":70,"column":26}},"70":{"start":{"line":71,"column":0},"end":{"line":71,"column":49}},"72":{"start":{"line":73,"column":0},"end":{"line":73,"column":25}},"73":{"start":{"line":74,"column":0},"end":{"line":74,"column":52}},"74":{"start":{"line":75,"column":0},"end":{"line":75,"column":25}},"75":{"start":{"line":76,"column":0},"end":{"line":76,"column":52}},"76":{"start":{"line":77,"column":0},"end":{"line":77,"column":39}},"77":{"start":{"line":78,"column":0},"end":{"line":78,"column":29}},"78":{"start":{"line":79,"column":0},"end":{"line":79,"column":25}},"79":{"start":{"line":80,"column":0},"end":{"line":80,"column":65}},"80":{"start":{"line":81,"column":0},"end":{"line":81,"column":18}},"81":{"start":{"line":82,"column":0},"end":{"line":82,"column":40}},"83":{"start":{"line":84,"column":0},"end":{"line":84,"column":77}},"85":{"start":{"line":86,"column":0},"end":{"line":86,"column":124}},"86":{"start":{"line":87,"column":0},"end":{"line":87,"column":68}},"87":{"start":{"line":88,"column":0},"end":{"line":88,"column":24}},"90":{"start":{"line":91,"column":0},"end":{"line":91,"column":44}},"92":{"start":{"line":93,"column":0},"end":{"line":93,"column":62}},"93":{"start":{"line":94,"column":0},"end":{"line":94,"column":54}},"94":{"start":{"line":95,"column":0},"end":{"line":95,"column":54}},"95":{"start":{"line":96,"column":0},"end":{"line":96,"column":37}},"96":{"start":{"line":97,"column":0},"end":{"line":97,"column":35}},"97":{"start":{"line":98,"column":0},"end":{"line":98,"column":62}},"98":{"start":{"line":99,"column":0},"end":{"line":99,"column":76}},"99":{"start":{"line":100,"column":0},"end":{"line":100,"column":41}},"100":{"start":{"line":101,"column":0},"end":{"line":101,"column":65}},"101":{"start":{"line":102,"column":0},"end":{"line":102,"column":45}},"102":{"start":{"line":103,"column":0},"end":{"line":103,"column":45}},"103":{"start":{"line":104,"column":0},"end":{"line":104,"column":30}},"105":{"start":{"line":106,"column":0},"end":{"line":106,"column":88}},"106":{"start":{"line":107,"column":0},"end":{"line":107,"column":39}},"107":{"start":{"line":108,"column":0},"end":{"line":108,"column":27}},"108":{"start":{"line":109,"column":0},"end":{"line":109,"column":28}},"109":{"start":{"line":110,"column":0},"end":{"line":110,"column":26}},"112":{"start":{"line":113,"column":0},"end":{"line":113,"column":62}},"113":{"start":{"line":114,"column":0},"end":{"line":114,"column":33}},"114":{"start":{"line":115,"column":0},"end":{"line":115,"column":44}},"115":{"start":{"line":116,"column":0},"end":{"line":116,"column":51}},"116":{"start":{"line":117,"column":0},"end":{"line":117,"column":71}},"118":{"start":{"line":119,"column":0},"end":{"line":119,"column":151}},"119":{"start":{"line":120,"column":0},"end":{"line":120,"column":30}},"120":{"start":{"line":121,"column":0},"end":{"line":121,"column":49}},"121":{"start":{"line":122,"column":0},"end":{"line":122,"column":50}},"122":{"start":{"line":123,"column":0},"end":{"line":123,"column":66}},"123":{"start":{"line":124,"column":0},"end":{"line":124,"column":28}},"124":{"start":{"line":125,"column":0},"end":{"line":125,"column":30}},"126":{"start":{"line":127,"column":0},"end":{"line":127,"column":35}},"127":{"start":{"line":128,"column":0},"end":{"line":128,"column":108}},"128":{"start":{"line":129,"column":0},"end":{"line":129,"column":51}},"129":{"start":{"line":130,"column":0},"end":{"line":130,"column":39}},"130":{"start":{"line":131,"column":0},"end":{"line":131,"column":40}},"131":{"start":{"line":132,"column":0},"end":{"line":132,"column":45}},"132":{"start":{"line":133,"column":0},"end":{"line":133,"column":43}},"133":{"start":{"line":134,"column":0},"end":{"line":134,"column":28}},"134":{"start":{"line":135,"column":0},"end":{"line":135,"column":26}},"135":{"start":{"line":136,"column":0},"end":{"line":136,"column":35}},"136":{"start":{"line":137,"column":0},"end":{"line":137,"column":26}},"139":{"start":{"line":140,"column":0},"end":{"line":140,"column":29}},"140":{"start":{"line":141,"column":0},"end":{"line":141,"column":96}},"141":{"start":{"line":142,"column":0},"end":{"line":142,"column":46}},"142":{"start":{"line":143,"column":0},"end":{"line":143,"column":60}},"143":{"start":{"line":144,"column":0},"end":{"line":144,"column":63}},"145":{"start":{"line":146,"column":0},"end":{"line":146,"column":76}},"147":{"start":{"line":148,"column":0},"end":{"line":148,"column":29}},"148":{"start":{"line":149,"column":0},"end":{"line":149,"column":58}},"149":{"start":{"line":150,"column":0},"end":{"line":150,"column":76}},"151":{"start":{"line":152,"column":0},"end":{"line":152,"column":29}},"152":{"start":{"line":153,"column":0},"end":{"line":153,"column":31}},"155":{"start":{"line":156,"column":0},"end":{"line":156,"column":31}},"156":{"start":{"line":157,"column":0},"end":{"line":157,"column":45}},"157":{"start":{"line":158,"column":0},"end":{"line":158,"column":53}},"158":{"start":{"line":159,"column":0},"end":{"line":159,"column":66}},"159":{"start":{"line":160,"column":0},"end":{"line":160,"column":63}},"161":{"start":{"line":162,"column":0},"end":{"line":162,"column":131}},"162":{"start":{"line":163,"column":0},"end":{"line":163,"column":42}},"163":{"start":{"line":164,"column":0},"end":{"line":164,"column":28}},"164":{"start":{"line":165,"column":0},"end":{"line":165,"column":66}},"166":{"start":{"line":167,"column":0},"end":{"line":167,"column":28}},"167":{"start":{"line":168,"column":0},"end":{"line":168,"column":33}},"168":{"start":{"line":169,"column":0},"end":{"line":169,"column":24}},"171":{"start":{"line":172,"column":0},"end":{"line":172,"column":197}},"174":{"start":{"line":175,"column":0},"end":{"line":175,"column":209}},"175":{"start":{"line":176,"column":0},"end":{"line":176,"column":22}},"176":{"start":{"line":177,"column":0},"end":{"line":177,"column":27}},"177":{"start":{"line":178,"column":0},"end":{"line":178,"column":14}},"179":{"start":{"line":180,"column":0},"end":{"line":180,"column":55}},"180":{"start":{"line":181,"column":0},"end":{"line":181,"column":67}},"182":{"start":{"line":183,"column":0},"end":{"line":183,"column":20}},"183":{"start":{"line":184,"column":0},"end":{"line":184,"column":18}},"185":{"start":{"line":186,"column":0},"end":{"line":186,"column":21}},"188":{"start":{"line":189,"column":0},"end":{"line":189,"column":19}},"189":{"start":{"line":190,"column":0},"end":{"line":190,"column":39}},"190":{"start":{"line":191,"column":0},"end":{"line":191,"column":41}},"191":{"start":{"line":192,"column":0},"end":{"line":192,"column":54}},"192":{"start":{"line":193,"column":0},"end":{"line":193,"column":52}},"194":{"start":{"line":195,"column":0},"end":{"line":195,"column":19}},"195":{"start":{"line":196,"column":0},"end":{"line":196,"column":24}},"196":{"start":{"line":197,"column":0},"end":{"line":197,"column":41}},"197":{"start":{"line":198,"column":0},"end":{"line":198,"column":40}},"198":{"start":{"line":199,"column":0},"end":{"line":199,"column":38}},"199":{"start":{"line":200,"column":0},"end":{"line":200,"column":11}},"201":{"start":{"line":202,"column":0},"end":{"line":202,"column":102}},"203":{"start":{"line":204,"column":0},"end":{"line":204,"column":26}},"204":{"start":{"line":205,"column":0},"end":{"line":205,"column":21}},"205":{"start":{"line":206,"column":0},"end":{"line":206,"column":21}},"206":{"start":{"line":207,"column":0},"end":{"line":207,"column":12}},"207":{"start":{"line":208,"column":0},"end":{"line":208,"column":14}},"209":{"start":{"line":210,"column":0},"end":{"line":210,"column":2}}},"s":{"0":1,"1":1,"2":1,"3":1,"5":1,"6":21,"7":21,"8":21,"9":21,"11":21,"12":21,"13":21,"14":21,"15":21,"16":21,"17":21,"18":21,"19":21,"20":21,"22":21,"23":21,"24":21,"25":21,"26":21,"27":21,"28":21,"29":21,"30":21,"31":21,"32":21,"33":21,"35":21,"36":21,"37":21,"38":21,"39":21,"42":21,"43":21,"45":21,"47":21,"48":21,"49":21,"50":21,"51":21,"53":21,"54":21,"55":21,"57":21,"58":21,"59":21,"60":21,"62":21,"63":21,"66":21,"67":21,"68":21,"69":21,"70":21,"72":21,"73":20,"74":55,"75":55,"76":55,"77":55,"78":55,"79":55,"80":55,"81":55,"83":55,"85":55,"86":55,"87":55,"90":55,"92":55,"93":55,"94":55,"95":275,"96":275,"97":275,"98":275,"99":275,"100":275,"101":275,"102":275,"103":275,"105":275,"106":275,"107":55,"108":55,"109":55,"112":55,"113":55,"114":55,"115":55,"116":55,"118":55,"119":55,"120":55,"121":55,"122":55,"123":55,"124":55,"126":55,"127":55,"128":55,"129":55,"130":55,"131":55,"132":55,"133":55,"134":55,"135":55,"136":55,"139":55,"140":55,"141":55,"142":55,"143":55,"145":55,"147":55,"148":55,"149":55,"151":55,"152":55,"155":55,"156":55,"157":55,"158":55,"159":55,"161":55,"162":55,"163":55,"164":55,"166":55,"167":55,"168":55,"171":55,"174":55,"175":55,"176":55,"177":20,"179":1,"180":1,"182":1,"183":1,"185":21,"188":21,"189":21,"190":21,"191":21,"192":21,"194":21,"195":21,"196":21,"197":21,"198":21,"199":21,"201":21,"203":21,"204":21,"205":21,"206":21,"207":21,"209":21},"branchMap":{"0":{"type":"branch","line":6,"loc":{"start":{"line":6,"column":28},"end":{"line":210,"column":2}},"locations":[{"start":{"line":6,"column":28},"end":{"line":210,"column":2}}]},"1":{"type":"branch","line":51,"loc":{"start":{"line":51,"column":47},"end":{"line":51,"column":54}},"locations":[{"start":{"line":51,"column":47},"end":{"line":51,"column":54}}]},"2":{"type":"branch","line":71,"loc":{"start":{"line":71,"column":28},"end":{"line":71,"column":49}},"locations":[{"start":{"line":71,"column":28},"end":{"line":71,"column":49}}]},"3":{"type":"branch","line":73,"loc":{"start":{"line":73,"column":17},"end":{"line":178,"column":14}},"locations":[{"start":{"line":73,"column":17},"end":{"line":178,"column":14}}]},"4":{"type":"branch","line":178,"loc":{"start":{"line":178,"column":13},"end":{"line":184,"column":18}},"locations":[{"start":{"line":178,"column":13},"end":{"line":184,"column":18}}]},"5":{"type":"branch","line":192,"loc":{"start":{"line":192,"column":47},"end":{"line":192,"column":54}},"locations":[{"start":{"line":192,"column":47},"end":{"line":192,"column":54}}]},"6":{"type":"branch","line":74,"loc":{"start":{"line":74,"column":27},"end":{"line":177,"column":27}},"locations":[{"start":{"line":74,"column":27},"end":{"line":177,"column":27}}]},"7":{"type":"branch","line":143,"loc":{"start":{"line":143,"column":53},"end":{"line":143,"column":60}},"locations":[{"start":{"line":143,"column":53},"end":{"line":143,"column":60}}]},"8":{"type":"branch","line":159,"loc":{"start":{"line":159,"column":59},"end":{"line":159,"column":66}},"locations":[{"start":{"line":159,"column":59},"end":{"line":159,"column":66}}]},"9":{"type":"branch","line":95,"loc":{"start":{"line":95,"column":43},"end":{"line":107,"column":39}},"locations":[{"start":{"line":95,"column":43},"end":{"line":107,"column":39}}]},"10":{"type":"branch","line":99,"loc":{"start":{"line":99,"column":69},"end":{"line":99,"column":76}},"locations":[{"start":{"line":99,"column":69},"end":{"line":99,"column":76}}]}},"b":{"0":[21],"1":[0],"2":[0],"3":[20],"4":[1],"5":[0],"6":[55],"7":[0],"8":[0],"9":[275],"10":[0]},"fnMap":{"0":{"name":"Testimonials","decl":{"start":{"line":6,"column":28},"end":{"line":210,"column":2}},"loc":{"start":{"line":6,"column":28},"end":{"line":210,"column":2}},"line":6}},"f":{"0":21}}
,"/Users/shoaibmulla/Downloads/magnox_energy_solutions/magnox_energy_web/src/config/emailConfig.js": {"path":"/Users/shoaibmulla/Downloads/magnox_energy_solutions/magnox_energy_web/src/config/emailConfig.js","all":true,"statementMap":{"0":{"start":{"line":1,"column":0},"end":{"line":1,"column":24}},"1":{"start":{"line":2,"column":0},"end":{"line":2,"column":63}},"3":{"start":{"line":4,"column":0},"end":{"line":4,"column":28}},"4":{"start":{"line":5,"column":0},"end":{"line":5,"column":31}},"5":{"start":{"line":6,"column":0},"end":{"line":6,"column":32}},"6":{"start":{"line":7,"column":0},"end":{"line":7,"column":2}},"7":{"start":{"line":8,"column":0},"end":{"line":8,"column":81}},"8":{"start":{"line":9,"column":0},"end":{"line":9,"column":95}},"9":{"start":{"line":10,"column":0},"end":{"line":10,"column":2}},"10":{"start":{"line":11,"column":0},"end":{"line":11,"column":71}},"11":{"start":{"line":12,"column":0},"end":{"line":12,"column":34}},"12":{"start":{"line":13,"column":0},"end":{"line":13,"column":2}},"13":{"start":{"line":14,"column":0},"end":{"line":14,"column":44}},"14":{"start":{"line":15,"column":0},"end":{"line":15,"column":34}},"15":{"start":{"line":16,"column":0},"end":{"line":16,"column":2}},"16":{"start":{"line":17,"column":0},"end":{"line":17,"column":34}},"17":{"start":{"line":18,"column":0},"end":{"line":18,"column":42}},"18":{"start":{"line":19,"column":0},"end":{"line":19,"column":2}}},"s":{"0":0,"1":0,"3":0,"4":0,"5":0,"6":0,"7":0,"8":0,"9":0,"10":0,"11":0,"12":0,"13":0,"14":0,"15":0,"16":0,"17":0,"18":0},"branchMap":{"0":{"type":"branch","line":1,"loc":{"start":{"line":1,"column":641},"end":{"line":19,"column":2}},"locations":[{"start":{"line":1,"column":641},"end":{"line":19,"column":2}}]}},"b":{"0":[0]},"fnMap":{"0":{"name":"(empty-report)","decl":{"start":{"line":1,"column":641},"end":{"line":19,"column":2}},"loc":{"start":{"line":1,"column":641},"end":{"line":19,"column":2}},"line":1}},"f":{"0":0}}
}
